Symlinking /home/odroid/Code/catkin_ws/devel/share/common-lisp/ros/pololu_maestro_ros/srv/_package.lisp
Symlinking /home/odroid/Code/catkin_ws/devel/share/common-lisp/ros/pololu_maestro_ros/srv/pololu_maestro_ros-srv.asd
Symlinking /home/odroid/Code/catkin_ws/devel/share/common-lisp/ros/pololu_maestro_ros/srv/set_servo.lisp
Symlinking /home/odroid/Code/catkin_ws/devel/share/common-lisp/ros/pololu_maestro_ros/srv/_package_set_servo.lisp
Symlinking /home/odroid/Code/catkin_ws/devel/share/common-lisp/ros/pololu_maestro_ros/msg/_package.lisp
Symlinking /home/odroid/Code/catkin_ws/devel/share/common-lisp/ros/pololu_maestro_ros/msg/pwm.lisp
Symlinking /home/odroid/Code/catkin_ws/devel/share/common-lisp/ros/pololu_maestro_ros/msg/pololu_maestro_ros-msg.asd
Symlinking /home/odroid/Code/catkin_ws/devel/share/common-lisp/ros/pololu_maestro_ros/msg/_package_pwm.lisp
Symlinking /home/odroid/Code/catkin_ws/devel/share/roseus/ros/pololu_maestro_ros/manifest.l
Symlinking /home/odroid/Code/catkin_ws/devel/share/roseus/ros/pololu_maestro_ros/srv/set_servo.l
Symlinking /home/odroid/Code/catkin_ws/devel/share/roseus/ros/pololu_maestro_ros/msg/pwm.l
Symlinking /home/odroid/Code/catkin_ws/devel/share/gennodejs/ros/pololu_maestro_ros/_index.js
Symlinking /home/odroid/Code/catkin_ws/devel/share/gennodejs/ros/pololu_maestro_ros/srv/set_servo.js
Symlinking /home/odroid/Code/catkin_ws/devel/share/gennodejs/ros/pololu_maestro_ros/srv/_index.js
Symlinking /home/odroid/Code/catkin_ws/devel/share/gennodejs/ros/pololu_maestro_ros/msg/pwm.js
Symlinking /home/odroid/Code/catkin_ws/devel/share/gennodejs/ros/pololu_maestro_ros/msg/_index.js
Symlinking /home/odroid/Code/catkin_ws/devel/share/pololu_maestro_ros/cmake/pololu_maestro_rosConfig.cmake
Symlinking /home/odroid/Code/catkin_ws/devel/share/pololu_maestro_ros/cmake/pololu_maestro_ros-msg-paths.cmake
Symlinking /home/odroid/Code/catkin_ws/devel/share/pololu_maestro_ros/cmake/pololu_maestro_rosConfig-version.cmake
Symlinking /home/odroid/Code/catkin_ws/devel/share/pololu_maestro_ros/cmake/pololu_maestro_ros-msg-extras.cmake
Symlinking /home/odroid/Code/catkin_ws/devel/lib/pkgconfig/pololu_maestro_ros.pc
Symlinking /home/odroid/Code/catkin_ws/devel/lib/python2.7/dist-packages/pololu_maestro_ros/__init__.py
Symlinking /home/odroid/Code/catkin_ws/devel/lib/python2.7/dist-packages/pololu_maestro_ros/srv/__init__.py
Symlinking /home/odroid/Code/catkin_ws/devel/lib/python2.7/dist-packages/pololu_maestro_ros/srv/_set_servo.py
Symlinking /home/odroid/Code/catkin_ws/devel/lib/python2.7/dist-packages/pololu_maestro_ros/msg/__init__.py
Symlinking /home/odroid/Code/catkin_ws/devel/lib/python2.7/dist-packages/pololu_maestro_ros/msg/_pwm.py
Symlinking /home/odroid/Code/catkin_ws/devel/lib/pololu_maestro_ros/set_servo_test
Symlinking /home/odroid/Code/catkin_ws/devel/lib/pololu_maestro_ros/set_servo_server
Symlinking /home/odroid/Code/catkin_ws/devel/include/pololu_maestro_ros/set_servoRequest.h
Symlinking /home/odroid/Code/catkin_ws/devel/include/pololu_maestro_ros/pwm.h
Symlinking /home/odroid/Code/catkin_ws/devel/include/pololu_maestro_ros/set_servoResponse.h
Symlinking /home/odroid/Code/catkin_ws/devel/include/pololu_maestro_ros/set_servo.h
