[35m[1mScanning dependencies of target _pololu_maestro_ros_generate_messages_check_deps_set_servo[0m
[35m[1mScanning dependencies of target std_msgs_generate_messages_lisp[0m
[35m[1mScanning dependencies of target std_msgs_generate_messages_py[0m
[35m[1mScanning dependencies of target std_msgs_generate_messages_cpp[0m
[35m[1mScanning dependencies of target std_msgs_generate_messages_nodejs[0m
[35m[1mScanning dependencies of target _pololu_maestro_ros_generate_messages_check_deps_pwm[0m
[35m[1mScanning dependencies of target std_msgs_generate_messages_eus[0m
[  0%] Built target std_msgs_generate_messages_lisp
[  0%] Built target std_msgs_generate_messages_cpp
[  0%] Built target std_msgs_generate_messages_nodejs
[  0%] Built target std_msgs_generate_messages_eus
[  0%] Built target std_msgs_generate_messages_py
[  0%] Built target _pololu_maestro_ros_generate_messages_check_deps_pwm
[  0%] Built target _pololu_maestro_ros_generate_messages_check_deps_set_servo
[35m[1mScanning dependencies of target pololu_maestro_ros_generate_messages_lisp[0m
[35m[1mScanning dependencies of target pololu_maestro_ros_generate_messages_eus[0m
[35m[1mScanning dependencies of target pololu_maestro_ros_generate_messages_nodejs[0m
[35m[1mScanning dependencies of target pololu_maestro_ros_generate_messages_py[0m
[35m[1mScanning dependencies of target pololu_maestro_ros_generate_messages_cpp[0m
[  5%] [34m[1mGenerating EusLisp code from pololu_maestro_ros/pwm.msg[0m
[ 10%] [34m[1mGenerating Lisp code from pololu_maestro_ros/pwm.msg[0m
[ 15%] [34m[1mGenerating Lisp code from pololu_maestro_ros/set_servo.srv[0m
[ 21%] [34m[1mGenerating Python from MSG pololu_maestro_ros/pwm[0m
[ 26%] [34m[1mGenerating Javascript code from pololu_maestro_ros/pwm.msg[0m
[ 31%] [34m[1mGenerating EusLisp code from pololu_maestro_ros/set_servo.srv[0m
[ 36%] [34m[1mGenerating C++ code from pololu_maestro_ros/pwm.msg[0m
[ 36%] Built target pololu_maestro_ros_generate_messages_lisp
[ 42%] [34m[1mGenerating C++ code from pololu_maestro_ros/set_servo.srv[0m
[ 47%] [34m[1mGenerating Javascript code from pololu_maestro_ros/set_servo.srv[0m
[ 52%] [34m[1mGenerating EusLisp manifest code for pololu_maestro_ros[0m
[ 57%] [34m[1mGenerating Python code from SRV pololu_maestro_ros/set_servo[0m
[ 57%] Built target pololu_maestro_ros_generate_messages_nodejs
[ 57%] Built target pololu_maestro_ros_generate_messages_cpp
[35m[1mScanning dependencies of target set_servo_movement[0m
[35m[1mScanning dependencies of target set_servo_server[0m
[ 68%] [34m[1mGenerating Python msg __init__.py for pololu_maestro_ros[0m
[ 68%] [34m[1mGenerating Python srv __init__.py for pololu_maestro_ros[0m
[35m[1mScanning dependencies of target set_servo_test[0m
[ 73%] [32mBuilding CXX object CMakeFiles/set_servo_server.dir/src/set_servo_server.cpp.o[0m
[ 78%] [32mBuilding CXX object CMakeFiles/set_servo_test.dir/src/set_servo_test.cpp.o[0m
[ 84%] [32mBuilding CXX object CMakeFiles/set_servo_movement.dir/src/set_servo_movement.cpp.o[0m
[ 84%] Built target pololu_maestro_ros_generate_messages_py
