[35m[1mScanning dependencies of target g2o[0m
[  1%] [32mBuilding CXX object CMakeFiles/g2o.dir/orb_slam2/Thirdparty/g2o/g2o/types/types_sba.cpp.o[0m
[  2%] [32mBuilding CXX object CMakeFiles/g2o.dir/orb_slam2/Thirdparty/g2o/g2o/types/types_six_dof_expmap.cpp.o[0m
In file included from [01m[K/usr/include/c++/7/vector:63:0[m[K,
                 from [01m[K/home/odroid/Code/catkin_ws/src/orb_slam_2_ros/orb_slam2/Thirdparty/g2o/g2o/types/../core/hyper_graph.h:34[m[K,
                 from [01m[K/home/odroid/Code/catkin_ws/src/orb_slam_2_ros/orb_slam2/Thirdparty/g2o/g2o/types/../core/optimizable_graph.h:38[m[K,
                 from [01m[K/home/odroid/Code/catkin_ws/src/orb_slam_2_ros/orb_slam2/Thirdparty/g2o/g2o/types/../core/base_vertex.h:30[m[K,
                 from [01m[K/home/odroid/Code/catkin_ws/src/orb_slam_2_ros/orb_slam2/Thirdparty/g2o/g2o/types/types_six_dof_expmap.h:37[m[K,
                 from [01m[K/home/odroid/Code/catkin_ws/src/orb_slam_2_ros/orb_slam2/Thirdparty/g2o/g2o/types/types_six_dof_expmap.cpp:27[m[K:
[01m[K/usr/include/c++/7/bits/stl_uninitialized.h:[m[K In function '[01m[K_ForwardIterator std::__uninitialized_copy_a(_InputIterator, _InputIterator, _ForwardIterator, _Allocator&) [with _InputIterator = std::move_iterator<Eigen::Matrix<double, 3, 1>*>; _ForwardIterator = Eigen::Matrix<double, 3, 1>*; _Allocator = Eigen::aligned_allocator<Eigen::Matrix<double, 3, 1> >][m[K':
[01m[K/usr/include/c++/7/bits/stl_uninitialized.h:267:5:[m[K [01;36m[Knote: [m[Kparameter passing for argument of type '[01m[Kstd::move_iterator<Eigen::Matrix<double, 3, 1>*>[m[K' changed in GCC 7.1
     [01;36m[K__uninitialized_copy_a[m[K(_InputIterator __first, _InputIterator __last,
     [01;36m[K^~~~~~~~~~~~~~~~~~~~~~[m[K
[01m[K/usr/include/c++/7/bits/stl_uninitialized.h:267:5:[m[K [01;36m[Knote: [m[Kparameter passing for argument of type '[01m[Kstd::move_iterator<Eigen::Matrix<double, 3, 1>*>[m[K' changed in GCC 7.1
[01m[K/usr/include/c++/7/bits/stl_uninitialized.h:[m[K In member function '[01m[Kvoid g2o::BaseBinaryEdge<D, E, VertexXi, VertexXj>::linearizeOplus() [with int D = 2; E = Eigen::Matrix<double, 2, 1>; VertexXi = g2o::VertexSBAPointXYZ; VertexXj = g2o::VertexSE3Expmap][m[K':
[01m[K/usr/include/c++/7/bits/stl_uninitialized.h:312:69:[m[K [01;36m[Knote: [m[Kparameter passing for argument of type '[01m[Kstd::move_iterator<Eigen::Matrix<double, 3, 1>*>[m[K' changed in GCC 7.1
   _GLIBCXX_MAKE_MOVE_IF_NOEXCEPT_ITERATOR(__last), __result, __alloc[01;36m[K)[m[K;
                                                                     [01;36m[K^[m[K
[01m[K/usr/include/c++/7/bits/stl_uninitialized.h:312:69:[m[K [01;36m[Knote: [m[Kparameter passing for argument of type '[01m[Kstd::move_iterator<Eigen::Matrix<double, 3, 1>*>[m[K' changed in GCC 7.1
   _GLIBCXX_MAKE_MOVE_IF_NOEXCEPT_ITERATOR(__last), __result, __alloc[01;36m[K)[m[K;
                                                                     [01;36m[K^[m[K
[01m[K/usr/include/c++/7/bits/stl_uninitialized.h:312:69:[m[K [01;36m[Knote: [m[Kparameter passing for argument of type '[01m[Kstd::move_iterator<Eigen::Matrix<double, 3, 1>*>[m[K' changed in GCC 7.1
   _GLIBCXX_MAKE_MOVE_IF_NOEXCEPT_ITERATOR(__last), __result, __alloc[01;36m[K)[m[K;
                                                                     [01;36m[K^[m[K
[01m[K/usr/include/c++/7/bits/stl_uninitialized.h:312:69:[m[K [01;36m[Knote: [m[Kparameter passing for argument of type '[01m[Kstd::move_iterator<Eigen::Matrix<double, 3, 1>*>[m[K' changed in GCC 7.1
   _GLIBCXX_MAKE_MOVE_IF_NOEXCEPT_ITERATOR(__last), __result, __alloc[01;36m[K)[m[K;
                                                                     [01;36m[K^[m[K
[01m[K/usr/include/c++/7/bits/stl_uninitialized.h:[m[K In member function '[01m[Kvoid g2o::BaseBinaryEdge<D, E, VertexXi, VertexXj>::linearizeOplus() [with int D = 3; E = Eigen::Matrix<double, 3, 1>; VertexXi = g2o::VertexSBAPointXYZ; VertexXj = g2o::VertexSE3Expmap][m[K':
[01m[K/usr/include/c++/7/bits/stl_uninitialized.h:312:69:[m[K [01;36m[Knote: [m[Kparameter passing for argument of type '[01m[Kstd::move_iterator<Eigen::Matrix<double, 3, 1>*>[m[K' changed in GCC 7.1
   _GLIBCXX_MAKE_MOVE_IF_NOEXCEPT_ITERATOR(__last), __result, __alloc[01;36m[K)[m[K;
                                                                     [01;36m[K^[m[K
[01m[K/usr/include/c++/7/bits/stl_uninitialized.h:312:69:[m[K [01;36m[Knote: [m[Kparameter passing for argument of type '[01m[Kstd::move_iterator<Eigen::Matrix<double, 3, 1>*>[m[K' changed in GCC 7.1
   _GLIBCXX_MAKE_MOVE_IF_NOEXCEPT_ITERATOR(__last), __result, __alloc[01;36m[K)[m[K;
                                                                     [01;36m[K^[m[K
[01m[K/usr/include/c++/7/bits/stl_uninitialized.h:312:69:[m[K [01;36m[Knote: [m[Kparameter passing for argument of type '[01m[Kstd::move_iterator<Eigen::Matrix<double, 3, 1>*>[m[K' changed in GCC 7.1
   _GLIBCXX_MAKE_MOVE_IF_NOEXCEPT_ITERATOR(__last), __result, __alloc[01;36m[K)[m[K;
                                                                     [01;36m[K^[m[K
[01m[K/usr/include/c++/7/bits/stl_uninitialized.h:312:69:[m[K [01;36m[Knote: [m[Kparameter passing for argument of type '[01m[Kstd::move_iterator<Eigen::Matrix<double, 3, 1>*>[m[K' changed in GCC 7.1
   _GLIBCXX_MAKE_MOVE_IF_NOEXCEPT_ITERATOR(__last), __result, __alloc[01;36m[K)[m[K;
                                                                     [01;36m[K^[m[K
[  4%] [32mBuilding CXX object CMakeFiles/g2o.dir/orb_slam2/Thirdparty/g2o/g2o/types/types_seven_dof_expmap.cpp.o[0m
In file included from [01m[K/usr/include/c++/7/vector:63:0[m[K,
                 from [01m[K/home/odroid/Code/catkin_ws/src/orb_slam_2_ros/orb_slam2/Thirdparty/g2o/g2o/types/../core/hyper_graph.h:34[m[K,
                 from [01m[K/home/odroid/Code/catkin_ws/src/orb_slam_2_ros/orb_slam2/Thirdparty/g2o/g2o/types/../core/optimizable_graph.h:38[m[K,
                 from [01m[K/home/odroid/Code/catkin_ws/src/orb_slam_2_ros/orb_slam2/Thirdparty/g2o/g2o/types/../core/base_vertex.h:30[m[K,
                 from [01m[K/home/odroid/Code/catkin_ws/src/orb_slam_2_ros/orb_slam2/Thirdparty/g2o/g2o/types/types_seven_dof_expmap.h:34[m[K,
                 from [01m[K/home/odroid/Code/catkin_ws/src/orb_slam_2_ros/orb_slam2/Thirdparty/g2o/g2o/types/types_seven_dof_expmap.cpp:27[m[K:
[01m[K/usr/include/c++/7/bits/stl_uninitialized.h:[m[K In function '[01m[K_ForwardIterator std::__uninitialized_copy_a(_InputIterator, _InputIterator, _ForwardIterator, _Allocator&) [with _InputIterator = std::move_iterator<Eigen::Matrix<double, 3, 1>*>; _ForwardIterator = Eigen::Matrix<double, 3, 1>*; _Allocator = Eigen::aligned_allocator<Eigen::Matrix<double, 3, 1> >][m[K':
[01m[K/usr/include/c++/7/bits/stl_uninitialized.h:267:5:[m[K [01;36m[Knote: [m[Kparameter passing for argument of type '[01m[Kstd::move_iterator<Eigen::Matrix<double, 3, 1>*>[m[K' changed in GCC 7.1
     [01;36m[K__uninitialized_copy_a[m[K(_InputIterator __first, _InputIterator __last,
     [01;36m[K^~~~~~~~~~~~~~~~~~~~~~[m[K
[01m[K/usr/include/c++/7/bits/stl_uninitialized.h:267:5:[m[K [01;36m[Knote: [m[Kparameter passing for argument of type '[01m[Kstd::move_iterator<Eigen::Matrix<double, 3, 1>*>[m[K' changed in GCC 7.1
[01m[K/usr/include/c++/7/bits/stl_uninitialized.h:[m[K In member function '[01m[Kvoid g2o::BaseVertex<D, T>::push() [with int D = 3; T = Eigen::Matrix<double, 3, 1>][m[K':
[01m[K/usr/include/c++/7/bits/stl_uninitialized.h:312:69:[m[K [01;36m[Knote: [m[Kparameter passing for argument of type '[01m[Kstd::move_iterator<Eigen::Matrix<double, 3, 1>*>[m[K' changed in GCC 7.1
   _GLIBCXX_MAKE_MOVE_IF_NOEXCEPT_ITERATOR(__last), __result, __alloc[01;36m[K)[m[K;
                                                                     [01;36m[K^[m[K
[01m[K/usr/include/c++/7/bits/stl_uninitialized.h:312:69:[m[K [01;36m[Knote: [m[Kparameter passing for argument of type '[01m[Kstd::move_iterator<Eigen::Matrix<double, 3, 1>*>[m[K' changed in GCC 7.1
   _GLIBCXX_MAKE_MOVE_IF_NOEXCEPT_ITERATOR(__last), __result, __alloc[01;36m[K)[m[K;
                                                                     [01;36m[K^[m[K
In file included from [01m[K/usr/include/c++/7/vector:69:0[m[K,
                 from [01m[K/home/odroid/Code/catkin_ws/src/orb_slam_2_ros/orb_slam2/Thirdparty/g2o/g2o/types/../core/hyper_graph.h:34[m[K,
                 from [01m[K/home/odroid/Code/catkin_ws/src/orb_slam_2_ros/orb_slam2/Thirdparty/g2o/g2o/types/../core/optimizable_graph.h:38[m[K,
                 from [01m[K/home/odroid/Code/catkin_ws/src/orb_slam_2_ros/orb_slam2/Thirdparty/g2o/g2o/types/../core/base_vertex.h:30[m[K,
                 from [01m[K/home/odroid/Code/catkin_ws/src/orb_slam_2_ros/orb_slam2/Thirdparty/g2o/g2o/types/types_seven_dof_expmap.h:34[m[K,
                 from [01m[K/home/odroid/Code/catkin_ws/src/orb_slam_2_ros/orb_slam2/Thirdparty/g2o/g2o/types/types_seven_dof_expmap.cpp:27[m[K:
[01m[K/usr/include/c++/7/bits/vector.tcc:[m[K In member function '[01m[Kvoid std::vector<_Tp, _Alloc>::_M_realloc_insert(std::vector<_Tp, _Alloc>::iterator, _Args&& ...) [with _Args = {const Eigen::Matrix<double, 3, 1, 0, 3, 1>&}; _Tp = Eigen::Matrix<double, 3, 1>; _Alloc = Eigen::aligned_allocator<Eigen::Matrix<double, 3, 1> >][m[K':
[01m[K/usr/include/c++/7/bits/vector.tcc:394:7:[m[K [01;36m[Knote: [m[Kparameter passing for argument of type '[01m[Kstd::vector<Eigen::Matrix<double, 3, 1>, Eigen::aligned_allocator<Eigen::Matrix<double, 3, 1> > >::iterator {aka __gnu_cxx::__normal_iterator<Eigen::Matrix<double, 3, 1>*, std::vector<Eigen::Matrix<double, 3, 1>, Eigen::aligned_allocator<Eigen::Matrix<double, 3, 1> > > >}[m[K' changed in GCC 7.1
       [01;36m[Kvector<_Tp, _Alloc>[m[K::
       [01;36m[K^~~~~~~~~~~~~~~~~~~[m[K
[01m[K/usr/include/c++/7/bits/vector.tcc:394:7:[m[K [01;36m[Knote: [m[Kparameter passing for argument of type '[01m[Kstd::vector<Eigen::Matrix<double, 3, 1>, Eigen::aligned_allocator<Eigen::Matrix<double, 3, 1> > >::iterator {aka __gnu_cxx::__normal_iterator<Eigen::Matrix<double, 3, 1>*, std::vector<Eigen::Matrix<double, 3, 1>, Eigen::aligned_allocator<Eigen::Matrix<double, 3, 1> > > >}[m[K' changed in GCC 7.1
In file included from [01m[K/usr/include/c++/7/vector:64:0[m[K,
                 from [01m[K/home/odroid/Code/catkin_ws/src/orb_slam_2_ros/orb_slam2/Thirdparty/g2o/g2o/types/../core/hyper_graph.h:34[m[K,
                 from [01m[K/home/odroid/Code/catkin_ws/src/orb_slam_2_ros/orb_slam2/Thirdparty/g2o/g2o/types/../core/optimizable_graph.h:38[m[K,
                 from [01m[K/home/odroid/Code/catkin_ws/src/orb_slam_2_ros/orb_slam2/Thirdparty/g2o/g2o/types/../core/base_vertex.h:30[m[K,
                 from [01m[K/home/odroid/Code/catkin_ws/src/orb_slam_2_ros/orb_slam2/Thirdparty/g2o/g2o/types/types_seven_dof_expmap.h:34[m[K,
                 from [01m[K/home/odroid/Code/catkin_ws/src/orb_slam_2_ros/orb_slam2/Thirdparty/g2o/g2o/types/types_seven_dof_expmap.cpp:27[m[K:
[01m[K/usr/include/c++/7/bits/stl_vector.h:[m[K In member function '[01m[Kvoid g2o::BaseBinaryEdge<D, E, VertexXi, VertexXj>::linearizeOplus() [with int D = 2; E = Eigen::Matrix<double, 2, 1>; VertexXi = g2o::VertexSBAPointXYZ; VertexXj = g2o::VertexSim3Expmap][m[K':
[01m[K/usr/include/c++/7/bits/stl_vector.h:948:21:[m[K [01;36m[Knote: [m[Kparameter passing for argument of type '[01m[K__gnu_cxx::__normal_iterator<Eigen::Matrix<double, 3, 1>*, std::vector<Eigen::Matrix<double, 3, 1>, Eigen::aligned_allocator<Eigen::Matrix<double, 3, 1> > > >[m[K' changed in GCC 7.1
    [01;36m[K_M_realloc_insert(end(), __x)[m[K;
    [01;36m[K~~~~~~~~~~~~~~~~~^~~~~~~~~~~~[m[K
[01m[K/usr/include/c++/7/bits/stl_vector.h:948:21:[m[K [01;36m[Knote: [m[Kparameter passing for argument of type '[01m[K__gnu_cxx::__normal_iterator<Eigen::Matrix<double, 3, 1>*, std::vector<Eigen::Matrix<double, 3, 1>, Eigen::aligned_allocator<Eigen::Matrix<double, 3, 1> > > >[m[K' changed in GCC 7.1
    [01;36m[K_M_realloc_insert(end(), __x)[m[K;
    [01;36m[K~~~~~~~~~~~~~~~~~^~~~~~~~~~~~[m[K
[  5%] [32mBuilding CXX object CMakeFiles/g2o.dir/orb_slam2/Thirdparty/g2o/g2o/core/hyper_graph_action.cpp.o[0m
[  6%] [32mBuilding CXX object CMakeFiles/g2o.dir/orb_slam2/Thirdparty/g2o/g2o/core/hyper_graph.cpp.o[0m
[  8%] [32mBuilding CXX object CMakeFiles/g2o.dir/orb_slam2/Thirdparty/g2o/g2o/core/marginal_covariance_cholesky.cpp.o[0m
[  9%] [32mBuilding CXX object CMakeFiles/g2o.dir/orb_slam2/Thirdparty/g2o/g2o/core/matrix_structure.cpp.o[0m
[ 11%] [32mBuilding CXX object CMakeFiles/g2o.dir/orb_slam2/Thirdparty/g2o/g2o/core/batch_stats.cpp.o[0m
[ 12%] [32mBuilding CXX object CMakeFiles/g2o.dir/orb_slam2/Thirdparty/g2o/g2o/core/parameter.cpp.o[0m
[ 13%] [32mBuilding CXX object CMakeFiles/g2o.dir/orb_slam2/Thirdparty/g2o/g2o/core/cache.cpp.o[0m
[ 15%] [32mBuilding CXX object CMakeFiles/g2o.dir/orb_slam2/Thirdparty/g2o/g2o/core/optimizable_graph.cpp.o[0m
[ 16%] [32mBuilding CXX object CMakeFiles/g2o.dir/orb_slam2/Thirdparty/g2o/g2o/core/solver.cpp.o[0m
[ 18%] [32mBuilding CXX object CMakeFiles/g2o.dir/orb_slam2/Thirdparty/g2o/g2o/core/optimization_algorithm_factory.cpp.o[0m
[ 19%] [32mBuilding CXX object CMakeFiles/g2o.dir/orb_slam2/Thirdparty/g2o/g2o/core/estimate_propagator.cpp.o[0m
[ 20%] [32mBuilding CXX object CMakeFiles/g2o.dir/orb_slam2/Thirdparty/g2o/g2o/core/factory.cpp.o[0m
[ 22%] [32mBuilding CXX object CMakeFiles/g2o.dir/orb_slam2/Thirdparty/g2o/g2o/core/sparse_optimizer.cpp.o[0m
[ 23%] [32mBuilding CXX object CMakeFiles/g2o.dir/orb_slam2/Thirdparty/g2o/g2o/core/hyper_dijkstra.cpp.o[0m
In file included from [01m[K/usr/include/c++/7/queue:62:0[m[K,
                 from [01m[K/home/odroid/Code/catkin_ws/src/orb_slam_2_ros/orb_slam2/Thirdparty/g2o/g2o/core/hyper_dijkstra.cpp:27[m[K:
[01m[K/usr/include/c++/7/bits/stl_heap.h:[m[K In function '[01m[Kvoid std::__push_heap(_RandomAccessIterator, _Distance, _Distance, _Tp, _Compare&) [with _RandomAccessIterator = __gnu_cxx::__normal_iterator<g2o::HyperDijkstra::AdjacencyMapEntry*, std::vector<g2o::HyperDijkstra::AdjacencyMapEntry, std::allocator<g2o::HyperDijkstra::AdjacencyMapEntry> > >; _Distance = int; _Tp = g2o::HyperDijkstra::AdjacencyMapEntry; _Compare = __gnu_cxx::__ops::_Iter_comp_val<std::less<g2o::HyperDijkstra::AdjacencyMapEntry> >][m[K':
[01m[K/usr/include/c++/7/bits/stl_heap.h:128:5:[m[K [01;36m[Knote: [m[Kparameter passing for argument of type '[01m[K__gnu_cxx::__normal_iterator<g2o::HyperDijkstra::AdjacencyMapEntry*, std::vector<g2o::HyperDijkstra::AdjacencyMapEntry, std::allocator<g2o::HyperDijkstra::AdjacencyMapEntry> > >[m[K' changed in GCC 7.1
     [01;36m[K__push_heap[m[K(_RandomAccessIterator __first,
     [01;36m[K^~~~~~~~~~~[m[K
In file included from [01m[K/usr/include/c++/7/vector:69:0[m[K,
                 from [01m[K/usr/include/c++/7/queue:61[m[K,
                 from [01m[K/home/odroid/Code/catkin_ws/src/orb_slam_2_ros/orb_slam2/Thirdparty/g2o/g2o/core/hyper_dijkstra.cpp:27[m[K:
[01m[K/usr/include/c++/7/bits/vector.tcc:[m[K In member function '[01m[Kvoid std::vector<_Tp, _Alloc>::_M_realloc_insert(std::vector<_Tp, _Alloc>::iterator, _Args&& ...) [with _Args = {const g2o::HyperDijkstra::AdjacencyMapEntry&}; _Tp = g2o::HyperDijkstra::AdjacencyMapEntry; _Alloc = std::allocator<g2o::HyperDijkstra::AdjacencyMapEntry>][m[K':
[01m[K/usr/include/c++/7/bits/vector.tcc:394:7:[m[K [01;36m[Knote: [m[Kparameter passing for argument of type '[01m[Kstd::vector<g2o::HyperDijkstra::AdjacencyMapEntry, std::allocator<g2o::HyperDijkstra::AdjacencyMapEntry> >::iterator {aka __gnu_cxx::__normal_iterator<g2o::HyperDijkstra::AdjacencyMapEntry*, std::vector<g2o::HyperDijkstra::AdjacencyMapEntry, std::allocator<g2o::HyperDijkstra::AdjacencyMapEntry> > >}[m[K' changed in GCC 7.1
       [01;36m[Kvector<_Tp, _Alloc>[m[K::
       [01;36m[K^~~~~~~~~~~~~~~~~~~[m[K
In file included from [01m[K/usr/include/c++/7/queue:62:0[m[K,
                 from [01m[K/home/odroid/Code/catkin_ws/src/orb_slam_2_ros/orb_slam2/Thirdparty/g2o/g2o/core/hyper_dijkstra.cpp:27[m[K:
[01m[K/usr/include/c++/7/bits/stl_heap.h:[m[K In function '[01m[Kvoid std::__adjust_heap(_RandomAccessIterator, _Distance, _Distance, _Tp, _Compare) [with _RandomAccessIterator = __gnu_cxx::__normal_iterator<g2o::HyperDijkstra::AdjacencyMapEntry*, std::vector<g2o::HyperDijkstra::AdjacencyMapEntry, std::allocator<g2o::HyperDijkstra::AdjacencyMapEntry> > >; _Distance = int; _Tp = g2o::HyperDijkstra::AdjacencyMapEntry; _Compare = __gnu_cxx::__ops::_Iter_comp_iter<std::less<g2o::HyperDijkstra::AdjacencyMapEntry> >][m[K':
[01m[K/usr/include/c++/7/bits/stl_heap.h:214:5:[m[K [01;36m[Knote: [m[Kparameter passing for argument of type '[01m[K__gnu_cxx::__normal_iterator<g2o::HyperDijkstra::AdjacencyMapEntry*, std::vector<g2o::HyperDijkstra::AdjacencyMapEntry, std::allocator<g2o::HyperDijkstra::AdjacencyMapEntry> > >[m[K' changed in GCC 7.1
     [01;36m[K__adjust_heap[m[K(_RandomAccessIterator __first, _Distance __holeIndex,
     [01;36m[K^~~~~~~~~~~~~[m[K
In file included from [01m[K/usr/include/c++/7/vector:64:0[m[K,
                 from [01m[K/usr/include/c++/7/queue:61[m[K,
                 from [01m[K/home/odroid/Code/catkin_ws/src/orb_slam_2_ros/orb_slam2/Thirdparty/g2o/g2o/core/hyper_dijkstra.cpp:27[m[K:
[01m[K/usr/include/c++/7/bits/stl_vector.h:[m[K In member function '[01m[Kvoid g2o::HyperDijkstra::shortestPaths(g2o::HyperGraph::VertexSet&, g2o::HyperDijkstra::CostFunction*, double, double, bool, double)[m[K':
[01m[K/usr/include/c++/7/bits/stl_vector.h:948:21:[m[K [01;36m[Knote: [m[Kparameter passing for argument of type '[01m[K__gnu_cxx::__normal_iterator<g2o::HyperDijkstra::AdjacencyMapEntry*, std::vector<g2o::HyperDijkstra::AdjacencyMapEntry, std::allocator<g2o::HyperDijkstra::AdjacencyMapEntry> > >[m[K' changed in GCC 7.1
    [01;36m[K_M_realloc_insert(end(), __x)[m[K;
    [01;36m[K~~~~~~~~~~~~~~~~~^~~~~~~~~~~~[m[K
[01m[K/usr/include/c++/7/bits/stl_vector.h:948:21:[m[K [01;36m[Knote: [m[Kparameter passing for argument of type '[01m[K__gnu_cxx::__normal_iterator<g2o::HyperDijkstra::AdjacencyMapEntry*, std::vector<g2o::HyperDijkstra::AdjacencyMapEntry, std::allocator<g2o::HyperDijkstra::AdjacencyMapEntry> > >[m[K' changed in GCC 7.1
    [01;36m[K_M_realloc_insert(end(), __x)[m[K;
    [01;36m[K~~~~~~~~~~~~~~~~~^~~~~~~~~~~~[m[K
[ 25%] [32mBuilding CXX object CMakeFiles/g2o.dir/orb_slam2/Thirdparty/g2o/g2o/core/parameter_container.cpp.o[0m
[ 26%] [32mBuilding CXX object CMakeFiles/g2o.dir/orb_slam2/Thirdparty/g2o/g2o/core/optimization_algorithm.cpp.o[0m
[ 27%] [32mBuilding CXX object CMakeFiles/g2o.dir/orb_slam2/Thirdparty/g2o/g2o/core/optimization_algorithm_with_hessian.cpp.o[0m
[ 29%] [32mBuilding CXX object CMakeFiles/g2o.dir/orb_slam2/Thirdparty/g2o/g2o/core/optimization_algorithm_levenberg.cpp.o[0m
[ 30%] [32mBuilding CXX object CMakeFiles/g2o.dir/orb_slam2/Thirdparty/g2o/g2o/core/jacobian_workspace.cpp.o[0m
[ 31%] [32mBuilding CXX object CMakeFiles/g2o.dir/orb_slam2/Thirdparty/g2o/g2o/core/robust_kernel.cpp.o[0m
[ 33%] [32mBuilding CXX object CMakeFiles/g2o.dir/orb_slam2/Thirdparty/g2o/g2o/core/robust_kernel_factory.cpp.o[0m
[ 34%] [32mBuilding CXX object CMakeFiles/g2o.dir/orb_slam2/Thirdparty/g2o/g2o/core/robust_kernel_impl.cpp.o[0m
[ 36%] [32mBuilding CXX object CMakeFiles/g2o.dir/orb_slam2/Thirdparty/g2o/g2o/stuff/timeutil.cpp.o[0m
[ 37%] [32mBuilding C object CMakeFiles/g2o.dir/orb_slam2/Thirdparty/g2o/g2o/stuff/os_specific.c.o[0m
[ 38%] [32mBuilding CXX object CMakeFiles/g2o.dir/orb_slam2/Thirdparty/g2o/g2o/stuff/string_tools.cpp.o[0m
[ 40%] [32mBuilding CXX object CMakeFiles/g2o.dir/orb_slam2/Thirdparty/g2o/g2o/stuff/property.cpp.o[0m
[ 41%] [32m[1mLinking CXX shared library /home/odroid/Code/catkin_ws/src/orb_slam_2_ros/orb_slam2/Thirdparty/g2o/lib/libg2o.so[0m
[ 41%] Built target g2o
[35m[1mScanning dependencies of target DBoW2[0m
[ 43%] [32mBuilding CXX object CMakeFiles/DBoW2.dir/orb_slam2/Thirdparty/DBoW2/DBoW2/BowVector.cpp.o[0m
[ 44%] [32mBuilding CXX object CMakeFiles/DBoW2.dir/orb_slam2/Thirdparty/DBoW2/DBoW2/FORB.cpp.o[0m
[ 45%] [32mBuilding CXX object CMakeFiles/DBoW2.dir/orb_slam2/Thirdparty/DBoW2/DBoW2/FeatureVector.cpp.o[0m
[ 47%] [32mBuilding CXX object CMakeFiles/DBoW2.dir/orb_slam2/Thirdparty/DBoW2/DBoW2/ScoringObject.cpp.o[0m
[ 48%] [32mBuilding CXX object CMakeFiles/DBoW2.dir/orb_slam2/Thirdparty/DBoW2/DUtils/Random.cpp.o[0m
[ 50%] [32mBuilding CXX object CMakeFiles/DBoW2.dir/orb_slam2/Thirdparty/DBoW2/DUtils/Timestamp.cpp.o[0m
[ 51%] [32m[1mLinking CXX shared library /home/odroid/Code/catkin_ws/src/orb_slam_2_ros/orb_slam2/Thirdparty/DBoW2/lib/libDBoW2.so[0m
[ 51%] Built target DBoW2
[35m[1mScanning dependencies of target orb_slam2_ros_gencfg[0m
[ 52%] [34m[1mGenerating dynamic reconfigure files from ros/config/dynamic_reconfigure.cfg: /home/odroid/Code/catkin_ws/devel/.private/orb_slam2_ros/include/orb_slam2_ros/dynamic_reconfigureConfig.h /home/odroid/Code/catkin_ws/devel/.private/orb_slam2_ros/lib/python2.7/dist-packages/orb_slam2_ros/cfg/dynamic_reconfigureConfig.py[0m
Generating reconfiguration files for dynamic_reconfigure in orb_slam2_ros
Wrote header file in /home/odroid/Code/catkin_ws/devel/.private/orb_slam2_ros/include/orb_slam2_ros/dynamic_reconfigureConfig.h
[ 52%] Built target orb_slam2_ros_gencfg
[35m[1mScanning dependencies of target _orb_slam2_ros_generate_messages_check_deps_SaveMap[0m
[ 52%] Built target _orb_slam2_ros_generate_messages_check_deps_SaveMap
[35m[1mScanning dependencies of target std_msgs_generate_messages_py[0m
[ 52%] Built target std_msgs_generate_messages_py
[35m[1mScanning dependencies of target std_msgs_generate_messages_lisp[0m
[ 52%] Built target std_msgs_generate_messages_lisp
[35m[1mScanning dependencies of target std_msgs_generate_messages_eus[0m
[ 52%] Built target std_msgs_generate_messages_eus
[35m[1mScanning dependencies of target std_msgs_generate_messages_cpp[0m
[ 52%] Built target std_msgs_generate_messages_cpp
[35m[1mScanning dependencies of target std_msgs_generate_messages_nodejs[0m
[ 52%] Built target std_msgs_generate_messages_nodejs
[35m[1mScanning dependencies of target orb_slam2_ros[0m
[ 54%] [32mBuilding CXX object CMakeFiles/orb_slam2_ros.dir/orb_slam2/src/System.cc.o[0m
In file included from [01m[K/usr/include/c++/7/vector:69:0[m[K,
                 from [01m[K/usr/include/opencv2/core/types.hpp:53[m[K,
                 from [01m[K/usr/include/opencv2/core.hpp:58[m[K,
                 from [01m[K/usr/include/opencv2/core/core.hpp:48[m[K,
                 from [01m[K/home/odroid/Code/catkin_ws/src/orb_slam_2_ros/orb_slam2/include/System.h:28[m[K,
                 from [01m[K/home/odroid/Code/catkin_ws/src/orb_slam_2_ros/orb_slam2/src/System.cc:23[m[K:
[01m[K/usr/include/c++/7/bits/vector.tcc:[m[K In member function '[01m[Kvoid std::vector<_Tp, _Alloc>::_M_realloc_insert(std::vector<_Tp, _Alloc>::iterator, _Args&& ...) [with _Args = {DBoW2::TemplatedVocabulary<cv::Mat, DBoW2::FORB>::Node}; _Tp = DBoW2::TemplatedVocabulary<cv::Mat, DBoW2::FORB>::Node; _Alloc = std::allocator<DBoW2::TemplatedVocabulary<cv::Mat, DBoW2::FORB>::Node>][m[K':
[01m[K/usr/include/c++/7/bits/vector.tcc:394:7:[m[K [01;36m[Knote: [m[Kparameter passing for argument of type '[01m[Kstd::vector<DBoW2::TemplatedVocabulary<cv::Mat, DBoW2::FORB>::Node, std::allocator<DBoW2::TemplatedVocabulary<cv::Mat, DBoW2::FORB>::Node> >::iterator {aka __gnu_cxx::__normal_iterator<DBoW2::TemplatedVocabulary<cv::Mat, DBoW2::FORB>::Node*, std::vector<DBoW2::TemplatedVocabulary<cv::Mat, DBoW2::FORB>::Node, std::allocator<DBoW2::TemplatedVocabulary<cv::Mat, DBoW2::FORB>::Node> > >}[m[K' changed in GCC 7.1
       [01;36m[Kvector<_Tp, _Alloc>[m[K::
       [01;36m[K^~~~~~~~~~~~~~~~~~~[m[K
[01m[K/usr/include/c++/7/bits/vector.tcc:[m[K In member function '[01m[Kvoid std::vector<_Tp, _Alloc>::emplace_back(_Args&& ...) [with _Args = {DBoW2::TemplatedVocabulary<cv::Mat, DBoW2::FORB>::Node}; _Tp = DBoW2::TemplatedVocabulary<cv::Mat, DBoW2::FORB>::Node; _Alloc = std::allocator<DBoW2::TemplatedVocabulary<cv::Mat, DBoW2::FORB>::Node>][m[K':
[01m[K/usr/include/c++/7/bits/vector.tcc:105:21:[m[K [01;36m[Knote: [m[Kparameter passing for argument of type '[01m[K__gnu_cxx::__normal_iterator<DBoW2::TemplatedVocabulary<cv::Mat, DBoW2::FORB>::Node*, std::vector<DBoW2::TemplatedVocabulary<cv::Mat, DBoW2::FORB>::Node, std::allocator<DBoW2::TemplatedVocabulary<cv::Mat, DBoW2::FORB>::Node> > >[m[K' changed in GCC 7.1
    [01;36m[K_M_realloc_insert(end(), std::forward<_Args>(__args)...)[m[K;
    [01;36m[K~~~~~~~~~~~~~~~~~^~~~~~~~~~~~~~~~~~~~~~~~~~~~~~~~~~~~~~~[m[K
[ 55%] [32mBuilding CXX object CMakeFiles/orb_slam2_ros.dir/orb_slam2/src/Tracking.cc.o[0m
[ 56%] [32mBuilding CXX object CMakeFiles/orb_slam2_ros.dir/orb_slam2/src/LocalMapping.cc.o[0m
[ 58%] [32mBuilding CXX object CMakeFiles/orb_slam2_ros.dir/orb_slam2/src/LoopClosing.cc.o[0m
In file included from [01m[K/usr/include/c++/7/map:60:0[m[K,
                 from [01m[K/home/odroid/Code/catkin_ws/src/orb_slam_2_ros/orb_slam2/Thirdparty/DBoW2/DBoW2/BowVector.h:14[m[K,
                 from [01m[K/home/odroid/Code/catkin_ws/src/orb_slam_2_ros/orb_slam2/include/Frame.h:27[m[K,
                 from [01m[K/home/odroid/Code/catkin_ws/src/orb_slam_2_ros/orb_slam2/include/MapPoint.h:25[m[K,
                 from [01m[K/home/odroid/Code/catkin_ws/src/orb_slam_2_ros/orb_slam2/include/KeyFrame.h:24[m[K,
                 from [01m[K/home/odroid/Code/catkin_ws/src/orb_slam_2_ros/orb_slam2/include/LoopClosing.h:24[m[K,
                 from [01m[K/home/odroid/Code/catkin_ws/src/orb_slam_2_ros/orb_slam2/src/LoopClosing.cc:21[m[K:
[01m[K/usr/include/c++/7/bits/stl_tree.h:[m[K In function '[01m[Kstd::_Rb_tree<_Key, _Val, _KeyOfValue, _Compare, _Alloc>::iterator std::_Rb_tree<_Key, _Val, _KeyOfValue, _Compare, _Alloc>::_M_emplace_hint_unique(std::_Rb_tree<_Key, _Val, _KeyOfValue, _Compare, _Alloc>::const_iterator, _Args&& ...) [with _Args = {const std::piecewise_construct_t&, std::tuple<ORB_SLAM2::KeyFrame* const&>, std::tuple<>}; _Key = ORB_SLAM2::KeyFrame*; _Val = std::pair<ORB_SLAM2::KeyFrame* const, g2o::Sim3>; _KeyOfValue = std::_Select1st<std::pair<ORB_SLAM2::KeyFrame* const, g2o::Sim3> >; _Compare = std::less<ORB_SLAM2::KeyFrame*>; _Alloc = Eigen::aligned_allocator<std::pair<ORB_SLAM2::KeyFrame* const, g2o::Sim3> >][m[K':
[01m[K/usr/include/c++/7/bits/stl_tree.h:2395:7:[m[K [01;36m[Knote: [m[Kparameter passing for argument of type '[01m[Kstd::_Rb_tree<ORB_SLAM2::KeyFrame*, std::pair<ORB_SLAM2::KeyFrame* const, g2o::Sim3>, std::_Select1st<std::pair<ORB_SLAM2::KeyFrame* const, g2o::Sim3> >, std::less<ORB_SLAM2::KeyFrame*>, Eigen::aligned_allocator<std::pair<ORB_SLAM2::KeyFrame* const, g2o::Sim3> > >::const_iterator {aka std::_Rb_tree_const_iterator<std::pair<ORB_SLAM2::KeyFrame* const, g2o::Sim3> >}[m[K' changed in GCC 7.1
       [01;36m[K_Rb_tree<_Key, _Val, _KeyOfValue, _Compare, _Alloc>[m[K::
       [01;36m[K^~~~~~~~~~~~~~~~~~~~~~~~~~~~~~~~~~~~~~~~~~~~~~~~~~~[m[K
In file included from [01m[K/usr/include/c++/7/map:61:0[m[K,
                 from [01m[K/home/odroid/Code/catkin_ws/src/orb_slam_2_ros/orb_slam2/Thirdparty/DBoW2/DBoW2/BowVector.h:14[m[K,
                 from [01m[K/home/odroid/Code/catkin_ws/src/orb_slam_2_ros/orb_slam2/include/Frame.h:27[m[K,
                 from [01m[K/home/odroid/Code/catkin_ws/src/orb_slam_2_ros/orb_slam2/include/MapPoint.h:25[m[K,
                 from [01m[K/home/odroid/Code/catkin_ws/src/orb_slam_2_ros/orb_slam2/include/KeyFrame.h:24[m[K,
                 from [01m[K/home/odroid/Code/catkin_ws/src/orb_slam_2_ros/orb_slam2/include/LoopClosing.h:24[m[K,
                 from [01m[K/home/odroid/Code/catkin_ws/src/orb_slam_2_ros/orb_slam2/src/LoopClosing.cc:21[m[K:
[01m[K/usr/include/c++/7/bits/stl_map.h:[m[K In member function '[01m[Kvoid ORB_SLAM2::LoopClosing::CorrectLoop()[m[K':
[01m[K/usr/include/c++/7/bits/stl_map.h:493:4:[m[K [01;36m[Knote: [m[Kparameter passing for argument of type '[01m[Kstd::_Rb_tree<ORB_SLAM2::KeyFrame*, std::pair<ORB_SLAM2::KeyFrame* const, g2o::Sim3>, std::_Select1st<std::pair<ORB_SLAM2::KeyFrame* const, g2o::Sim3> >, std::less<ORB_SLAM2::KeyFrame*>, Eigen::aligned_allocator<std::pair<ORB_SLAM2::KeyFrame* const, g2o::Sim3> > >::const_iterator {aka std::_Rb_tree_const_iterator<std::pair<ORB_SLAM2::KeyFrame* const, g2o::Sim3> >}[m[K' changed in GCC 7.1
    [01;36m[K__i[m[K = _M_t._M_emplace_hint_unique(__i, std::piecewise_construct,
    [01;36m[K^~~[m[K
[01m[K/usr/include/c++/7/bits/stl_map.h:493:4:[m[K [01;36m[Knote: [m[Kparameter passing for argument of type '[01m[Kstd::_Rb_tree<ORB_SLAM2::KeyFrame*, std::pair<ORB_SLAM2::KeyFrame* const, g2o::Sim3>, std::_Select1st<std::pair<ORB_SLAM2::KeyFrame* const, g2o::Sim3> >, std::less<ORB_SLAM2::KeyFrame*>, Eigen::aligned_allocator<std::pair<ORB_SLAM2::KeyFrame* const, g2o::Sim3> > >::const_iterator {aka std::_Rb_tree_const_iterator<std::pair<ORB_SLAM2::KeyFrame* const, g2o::Sim3> >}[m[K' changed in GCC 7.1
    [01;36m[K__i[m[K = _M_t._M_emplace_hint_unique(__i, std::piecewise_construct,
    [01;36m[K^~~[m[K
[01m[K/usr/include/c++/7/bits/stl_map.h:493:4:[m[K [01;36m[Knote: [m[Kparameter passing for argument of type '[01m[Kstd::_Rb_tree<ORB_SLAM2::KeyFrame*, std::pair<ORB_SLAM2::KeyFrame* const, g2o::Sim3>, std::_Select1st<std::pair<ORB_SLAM2::KeyFrame* const, g2o::Sim3> >, std::less<ORB_SLAM2::KeyFrame*>, Eigen::aligned_allocator<std::pair<ORB_SLAM2::KeyFrame* const, g2o::Sim3> > >::const_iterator {aka std::_Rb_tree_const_iterator<std::pair<ORB_SLAM2::KeyFrame* const, g2o::Sim3> >}[m[K' changed in GCC 7.1
    [01;36m[K__i[m[K = _M_t._M_emplace_hint_unique(__i, std::piecewise_construct,
    [01;36m[K^~~[m[K
[01m[K/usr/include/c++/7/bits/stl_map.h:493:4:[m[K [01;36m[Knote: [m[Kparameter passing for argument of type '[01m[Kstd::_Rb_tree<ORB_SLAM2::KeyFrame*, std::pair<ORB_SLAM2::KeyFrame* const, g2o::Sim3>, std::_Select1st<std::pair<ORB_SLAM2::KeyFrame* const, g2o::Sim3> >, std::less<ORB_SLAM2::KeyFrame*>, Eigen::aligned_allocator<std::pair<ORB_SLAM2::KeyFrame* const, g2o::Sim3> > >::const_iterator {aka std::_Rb_tree_const_iterator<std::pair<ORB_SLAM2::KeyFrame* const, g2o::Sim3> >}[m[K' changed in GCC 7.1
    [01;36m[K__i[m[K = _M_t._M_emplace_hint_unique(__i, std::piecewise_construct,
    [01;36m[K^~~[m[K
[ 59%] [32mBuilding CXX object CMakeFiles/orb_slam2_ros.dir/orb_slam2/src/ORBextractor.cc.o[0m
[ 61%] [32mBuilding CXX object CMakeFiles/orb_slam2_ros.dir/orb_slam2/src/ORBmatcher.cc.o[0m
[ 62%] [32mBuilding CXX object CMakeFiles/orb_slam2_ros.dir/orb_slam2/src/FrameDrawer.cc.o[0m
[ 63%] [32mBuilding CXX object CMakeFiles/orb_slam2_ros.dir/orb_slam2/src/Converter.cc.o[0m
[ 65%] [32mBuilding CXX object CMakeFiles/orb_slam2_ros.dir/orb_slam2/src/MapPoint.cc.o[0m
[ 66%] [32mBuilding CXX object CMakeFiles/orb_slam2_ros.dir/orb_slam2/src/KeyFrame.cc.o[0m
[ 68%] [32mBuilding CXX object CMakeFiles/orb_slam2_ros.dir/orb_slam2/src/Map.cc.o[0m
[ 69%] [32mBuilding CXX object CMakeFiles/orb_slam2_ros.dir/orb_slam2/src/Optimizer.cc.o[0m
In file included from [01m[K/usr/include/c++/7/algorithm:62:0[m[K,
                 from [01m[K/usr/include/opencv2/core/base.hpp:55[m[K,
                 from [01m[K/usr/include/opencv2/core.hpp:54[m[K,
                 from [01m[K/usr/include/opencv2/core/core.hpp:48[m[K,
                 from [01m[K/home/odroid/Code/catkin_ws/src/orb_slam_2_ros/orb_slam2/Thirdparty/DBoW2/DBoW2/FORB.h:13[m[K,
                 from [01m[K/home/odroid/Code/catkin_ws/src/orb_slam_2_ros/orb_slam2/include/ORBVocabulary.h:25[m[K,
                 from [01m[K/home/odroid/Code/catkin_ws/src/orb_slam_2_ros/orb_slam2/include/KeyFrame.h:27[m[K,
                 from [01m[K/home/odroid/Code/catkin_ws/src/orb_slam_2_ros/orb_slam2/include/MapPoint.h:24[m[K,
                 from [01m[K/home/odroid/Code/catkin_ws/src/orb_slam_2_ros/orb_slam2/include/Map.h:24[m[K,
                 from [01m[K/home/odroid/Code/catkin_ws/src/orb_slam_2_ros/orb_slam2/include/Optimizer.h:24[m[K,
                 from [01m[K/home/odroid/Code/catkin_ws/src/orb_slam_2_ros/orb_slam2/src/Optimizer.cc:21[m[K:
[01m[K/usr/include/c++/7/bits/stl_algo.h:[m[K In function '[01m[Kvoid std::__unguarded_linear_insert(_RandomAccessIterator, _Compare) [with _RandomAccessIterator = __gnu_cxx::__normal_iterator<g2o::{anonymous}::TripletEntry*, std::vector<g2o::{anonymous}::TripletEntry> >; _Compare = __gnu_cxx::__ops::_Val_comp_iter<g2o::{anonymous}::TripletColSort>][m[K':
[01m[K/usr/include/c++/7/bits/stl_algo.h:1821:5:[m[K [01;36m[Knote: [m[Kparameter passing for argument of type '[01m[K__gnu_cxx::__normal_iterator<g2o::{anonymous}::TripletEntry*, std::vector<g2o::{anonymous}::TripletEntry> >[m[K' changed in GCC 7.1
     [01;36m[K__unguarded_linear_insert[m[K(_RandomAccessIterator __last,
     [01;36m[K^~~~~~~~~~~~~~~~~~~~~~~~~[m[K
[01m[K/usr/include/c++/7/bits/stl_algo.h:[m[K In function '[01m[Kvoid std::__insertion_sort(_RandomAccessIterator, _RandomAccessIterator, _Compare) [with _RandomAccessIterator = __gnu_cxx::__normal_iterator<g2o::{anonymous}::TripletEntry*, std::vector<g2o::{anonymous}::TripletEntry> >; _Compare = __gnu_cxx::__ops::_Iter_comp_iter<g2o::{anonymous}::TripletColSort>][m[K':
[01m[K/usr/include/c++/7/bits/stl_algo.h:1840:5:[m[K [01;36m[Knote: [m[Kparameter passing for argument of type '[01m[K__gnu_cxx::__normal_iterator<g2o::{anonymous}::TripletEntry*, std::vector<g2o::{anonymous}::TripletEntry> >[m[K' changed in GCC 7.1
     [01;36m[K__insertion_sort[m[K(_RandomAccessIterator __first,
     [01;36m[K^~~~~~~~~~~~~~~~[m[K
[01m[K/usr/include/c++/7/bits/stl_algo.h:1840:5:[m[K [01;36m[Knote: [m[Kparameter passing for argument of type '[01m[K__gnu_cxx::__normal_iterator<g2o::{anonymous}::TripletEntry*, std::vector<g2o::{anonymous}::TripletEntry> >[m[K' changed in GCC 7.1
In file included from [01m[K/usr/include/c++/7/bits/stl_algo.h:61:0[m[K,
                 from [01m[K/usr/include/c++/7/algorithm:62[m[K,
                 from [01m[K/usr/include/opencv2/core/base.hpp:55[m[K,
                 from [01m[K/usr/include/opencv2/core.hpp:54[m[K,
                 from [01m[K/usr/include/opencv2/core/core.hpp:48[m[K,
                 from [01m[K/home/odroid/Code/catkin_ws/src/orb_slam_2_ros/orb_slam2/Thirdparty/DBoW2/DBoW2/FORB.h:13[m[K,
                 from [01m[K/home/odroid/Code/catkin_ws/src/orb_slam_2_ros/orb_slam2/include/ORBVocabulary.h:25[m[K,
                 from [01m[K/home/odroid/Code/catkin_ws/src/orb_slam_2_ros/orb_slam2/include/KeyFrame.h:27[m[K,
                 from [01m[K/home/odroid/Code/catkin_ws/src/orb_slam_2_ros/orb_slam2/include/MapPoint.h:24[m[K,
                 from [01m[K/home/odroid/Code/catkin_ws/src/orb_slam_2_ros/orb_slam2/include/Map.h:24[m[K,
                 from [01m[K/home/odroid/Code/catkin_ws/src/orb_slam_2_ros/orb_slam2/include/Optimizer.h:24[m[K,
                 from [01m[K/home/odroid/Code/catkin_ws/src/orb_slam_2_ros/orb_slam2/src/Optimizer.cc:21[m[K:
[01m[K/usr/include/c++/7/bits/stl_heap.h:[m[K In function '[01m[Kvoid std::__adjust_heap(_RandomAccessIterator, _Distance, _Distance, _Tp, _Compare) [with _RandomAccessIterator = __gnu_cxx::__normal_iterator<g2o::{anonymous}::TripletEntry*, std::vector<g2o::{anonymous}::TripletEntry> >; _Distance = int; _Tp = g2o::{anonymous}::TripletEntry; _Compare = __gnu_cxx::__ops::_Iter_comp_iter<g2o::{anonymous}::TripletColSort>][m[K':
[01m[K/usr/include/c++/7/bits/stl_heap.h:214:5:[m[K [01;36m[Knote: [m[Kparameter passing for argument of type '[01m[K__gnu_cxx::__normal_iterator<g2o::{anonymous}::TripletEntry*, std::vector<g2o::{anonymous}::TripletEntry> >[m[K' changed in GCC 7.1
     [01;36m[K__adjust_heap[m[K(_RandomAccessIterator __first, _Distance __holeIndex,
     [01;36m[K^~~~~~~~~~~~~[m[K
In file included from [01m[K/usr/include/c++/7/algorithm:62:0[m[K,
                 from [01m[K/usr/include/opencv2/core/base.hpp:55[m[K,
                 from [01m[K/usr/include/opencv2/core.hpp:54[m[K,
                 from [01m[K/usr/include/opencv2/core/core.hpp:48[m[K,
                 from [01m[K/home/odroid/Code/catkin_ws/src/orb_slam_2_ros/orb_slam2/Thirdparty/DBoW2/DBoW2/FORB.h:13[m[K,
                 from [01m[K/home/odroid/Code/catkin_ws/src/orb_slam_2_ros/orb_slam2/include/ORBVocabulary.h:25[m[K,
                 from [01m[K/home/odroid/Code/catkin_ws/src/orb_slam_2_ros/orb_slam2/include/KeyFrame.h:27[m[K,
                 from [01m[K/home/odroid/Code/catkin_ws/src/orb_slam_2_ros/orb_slam2/include/MapPoint.h:24[m[K,
                 from [01m[K/home/odroid/Code/catkin_ws/src/orb_slam_2_ros/orb_slam2/include/Map.h:24[m[K,
                 from [01m[K/home/odroid/Code/catkin_ws/src/orb_slam_2_ros/orb_slam2/include/Optimizer.h:24[m[K,
                 from [01m[K/home/odroid/Code/catkin_ws/src/orb_slam_2_ros/orb_slam2/src/Optimizer.cc:21[m[K:
[01m[K/usr/include/c++/7/bits/stl_algo.h:[m[K In function '[01m[Kvoid std::__introsort_loop(_RandomAccessIterator, _RandomAccessIterator, _Size, _Compare) [with _RandomAccessIterator = __gnu_cxx::__normal_iterator<g2o::{anonymous}::TripletEntry*, std::vector<g2o::{anonymous}::TripletEntry> >; _Size = int; _Compare = __gnu_cxx::__ops::_Iter_comp_iter<g2o::{anonymous}::TripletColSort>][m[K':
[01m[K/usr/include/c++/7/bits/stl_algo.h:1940:5:[m[K [01;36m[Knote: [m[Kparameter passing for argument of type '[01m[K__gnu_cxx::__normal_iterator<g2o::{anonymous}::TripletEntry*, std::vector<g2o::{anonymous}::TripletEntry> >[m[K' changed in GCC 7.1
     [01;36m[K__introsort_loop[m[K(_RandomAccessIterator __first,
     [01;36m[K^~~~~~~~~~~~~~~~[m[K
[01m[K/usr/include/c++/7/bits/stl_algo.h:1940:5:[m[K [01;36m[Knote: [m[Kparameter passing for argument of type '[01m[K__gnu_cxx::__normal_iterator<g2o::{anonymous}::TripletEntry*, std::vector<g2o::{anonymous}::TripletEntry> >[m[K' changed in GCC 7.1
[01m[K/usr/include/c++/7/bits/stl_algo.h:1954:25:[m[K [01;36m[Knote: [m[Kparameter passing for argument of type '[01m[K__gnu_cxx::__normal_iterator<g2o::{anonymous}::TripletEntry*, std::vector<g2o::{anonymous}::TripletEntry> >[m[K' changed in GCC 7.1
    [01;36m[Kstd::__introsort_loop(__cut, __last, __depth_limit, __comp)[m[K;
    [01;36m[K~~~~~~~~~~~~~~~~~~~~~^~~~~~~~~~~~~~~~~~~~~~~~~~~~~~~~~~~~~~[m[K
[01m[K/usr/include/c++/7/bits/stl_algo.h:[m[K In function '[01m[Kbool g2o::SparseBlockMatrix<MatrixType>::writeOctave(const char*, bool) const [with MatrixType = Eigen::Matrix<double, -1, -1>][m[K':
[01m[K/usr/include/c++/7/bits/stl_algo.h:1968:25:[m[K [01;36m[Knote: [m[Kparameter passing for argument of type '[01m[K__gnu_cxx::__normal_iterator<g2o::{anonymous}::TripletEntry*, std::vector<g2o::{anonymous}::TripletEntry> >[m[K' changed in GCC 7.1
    [01;36m[Kstd::__introsort_loop(__first, __last,[m[K
    [01;36m[K~~~~~~~~~~~~~~~~~~~~~^~~~~~~~~~~~~~~~~[m[K
 [01;36m[K    std::__lg(__last - __first) * 2,[m[K
     [01;36m[K~~~~~~~~~~~~~~~~~~~~~~~~~~~~~~~~[m[K
 [01;36m[K    __comp)[m[K;
     [01;36m[K~~~~~~~[m[K              
[01m[K/usr/include/c++/7/bits/stl_algo.h:1885:25:[m[K [01;36m[Knote: [m[Kparameter passing for argument of type '[01m[K__gnu_cxx::__normal_iterator<g2o::{anonymous}::TripletEntry*, std::vector<g2o::{anonymous}::TripletEntry> >[m[K' changed in GCC 7.1
    [01;36m[Kstd::__insertion_sort(__first, __first + int(_S_threshold), __comp)[m[K;
    [01;36m[K~~~~~~~~~~~~~~~~~~~~~^~~~~~~~~~~~~~~~~~~~~~~~~~~~~~~~~~~~~~~~~~~~~~[m[K
[01m[K/usr/include/c++/7/bits/stl_algo.h:1890:23:[m[K [01;36m[Knote: [m[Kparameter passing for argument of type '[01m[K__gnu_cxx::__normal_iterator<g2o::{anonymous}::TripletEntry*, std::vector<g2o::{anonymous}::TripletEntry> >[m[K' changed in GCC 7.1
  [01;36m[Kstd::__insertion_sort(__first, __last, __comp)[m[K;
  [01;36m[K~~~~~~~~~~~~~~~~~~~~~^~~~~~~~~~~~~~~~~~~~~~~~~[m[K
[01m[K/usr/include/c++/7/bits/stl_algo.h:[m[K In function '[01m[Kbool g2o::SparseBlockMatrix<MatrixType>::writeOctave(const char*, bool) const [with MatrixType = Eigen::Matrix<double, 6, 6>][m[K':
[01m[K/usr/include/c++/7/bits/stl_algo.h:1968:25:[m[K [01;36m[Knote: [m[Kparameter passing for argument of type '[01m[K__gnu_cxx::__normal_iterator<g2o::{anonymous}::TripletEntry*, std::vector<g2o::{anonymous}::TripletEntry> >[m[K' changed in GCC 7.1
    [01;36m[Kstd::__introsort_loop(__first, __last,[m[K
    [01;36m[K~~~~~~~~~~~~~~~~~~~~~^~~~~~~~~~~~~~~~~[m[K
 [01;36m[K    std::__lg(__last - __first) * 2,[m[K
     [01;36m[K~~~~~~~~~~~~~~~~~~~~~~~~~~~~~~~~[m[K
 [01;36m[K    __comp)[m[K;
     [01;36m[K~~~~~~~[m[K              
[01m[K/usr/include/c++/7/bits/stl_algo.h:1885:25:[m[K [01;36m[Knote: [m[Kparameter passing for argument of type '[01m[K__gnu_cxx::__normal_iterator<g2o::{anonymous}::TripletEntry*, std::vector<g2o::{anonymous}::TripletEntry> >[m[K' changed in GCC 7.1
    [01;36m[Kstd::__insertion_sort(__first, __first + int(_S_threshold), __comp)[m[K;
    [01;36m[K~~~~~~~~~~~~~~~~~~~~~^~~~~~~~~~~~~~~~~~~~~~~~~~~~~~~~~~~~~~~~~~~~~~[m[K
[01m[K/usr/include/c++/7/bits/stl_algo.h:1890:23:[m[K [01;36m[Knote: [m[Kparameter passing for argument of type '[01m[K__gnu_cxx::__normal_iterator<g2o::{anonymous}::TripletEntry*, std::vector<g2o::{anonymous}::TripletEntry> >[m[K' changed in GCC 7.1
  [01;36m[Kstd::__insertion_sort(__first, __last, __comp)[m[K;
  [01;36m[K~~~~~~~~~~~~~~~~~~~~~^~~~~~~~~~~~~~~~~~~~~~~~~[m[K
[01m[K/usr/include/c++/7/bits/stl_algo.h:[m[K In function '[01m[Kbool g2o::SparseBlockMatrix<MatrixType>::writeOctave(const char*, bool) const [with MatrixType = Eigen::Matrix<double, 7, 7, 0, 7, 7>][m[K':
[01m[K/usr/include/c++/7/bits/stl_algo.h:1968:25:[m[K [01;36m[Knote: [m[Kparameter passing for argument of type '[01m[K__gnu_cxx::__normal_iterator<g2o::{anonymous}::TripletEntry*, std::vector<g2o::{anonymous}::TripletEntry> >[m[K' changed in GCC 7.1
    [01;36m[Kstd::__introsort_loop(__first, __last,[m[K
    [01;36m[K~~~~~~~~~~~~~~~~~~~~~^~~~~~~~~~~~~~~~~[m[K
 [01;36m[K    std::__lg(__last - __first) * 2,[m[K
     [01;36m[K~~~~~~~~~~~~~~~~~~~~~~~~~~~~~~~~[m[K
 [01;36m[K    __comp)[m[K;
     [01;36m[K~~~~~~~[m[K              
[01m[K/usr/include/c++/7/bits/stl_algo.h:1885:25:[m[K [01;36m[Knote: [m[Kparameter passing for argument of type '[01m[K__gnu_cxx::__normal_iterator<g2o::{anonymous}::TripletEntry*, std::vector<g2o::{anonymous}::TripletEntry> >[m[K' changed in GCC 7.1
    [01;36m[Kstd::__insertion_sort(__first, __first + int(_S_threshold), __comp)[m[K;
    [01;36m[K~~~~~~~~~~~~~~~~~~~~~^~~~~~~~~~~~~~~~~~~~~~~~~~~~~~~~~~~~~~~~~~~~~~[m[K
[01m[K/usr/include/c++/7/bits/stl_algo.h:1890:23:[m[K [01;36m[Knote: [m[Kparameter passing for argument of type '[01m[K__gnu_cxx::__normal_iterator<g2o::{anonymous}::TripletEntry*, std::vector<g2o::{anonymous}::TripletEntry> >[m[K' changed in GCC 7.1
  [01;36m[Kstd::__insertion_sort(__first, __last, __comp)[m[K;
  [01;36m[K~~~~~~~~~~~~~~~~~~~~~^~~~~~~~~~~~~~~~~~~~~~~~~[m[K
In file included from [01m[K/usr/include/c++/7/vector:69:0[m[K,
                 from [01m[K/home/odroid/Code/catkin_ws/src/orb_slam_2_ros/orb_slam2/Thirdparty/DBoW2/DBoW2/BowVector.h:15[m[K,
                 from [01m[K/home/odroid/Code/catkin_ws/src/orb_slam_2_ros/orb_slam2/include/KeyFrame.h:25[m[K,
                 from [01m[K/home/odroid/Code/catkin_ws/src/orb_slam_2_ros/orb_slam2/include/MapPoint.h:24[m[K,
                 from [01m[K/home/odroid/Code/catkin_ws/src/orb_slam_2_ros/orb_slam2/include/Map.h:24[m[K,
                 from [01m[K/home/odroid/Code/catkin_ws/src/orb_slam_2_ros/orb_slam2/include/Optimizer.h:24[m[K,
                 from [01m[K/home/odroid/Code/catkin_ws/src/orb_slam_2_ros/orb_slam2/src/Optimizer.cc:21[m[K:
[01m[K/usr/include/c++/7/bits/vector.tcc:[m[K In member function '[01m[Kvoid std::vector<_Tp, _Alloc>::_M_realloc_insert(std::vector<_Tp, _Alloc>::iterator, _Args&& ...) [with _Args = {Eigen::Triplet<double, int>}; _Tp = Eigen::Triplet<double>; _Alloc = std::allocator<Eigen::Triplet<double> >][m[K':
[01m[K/usr/include/c++/7/bits/vector.tcc:394:7:[m[K [01;36m[Knote: [m[Kparameter passing for argument of type '[01m[Kstd::vector<Eigen::Triplet<double> >::iterator {aka __gnu_cxx::__normal_iterator<Eigen::Triplet<double>*, std::vector<Eigen::Triplet<double> > >}[m[K' changed in GCC 7.1
       [01;36m[Kvector<_Tp, _Alloc>[m[K::
       [01;36m[K^~~~~~~~~~~~~~~~~~~[m[K
[01m[K/usr/include/c++/7/bits/vector.tcc:[m[K In member function '[01m[Kvoid std::vector<_Tp, _Alloc>::_M_realloc_insert(std::vector<_Tp, _Alloc>::iterator, _Args&& ...) [with _Args = {const g2o::SE3Quat&}; _Tp = g2o::SE3Quat; _Alloc = Eigen::aligned_allocator<g2o::SE3Quat>][m[K':
[01m[K/usr/include/c++/7/bits/vector.tcc:394:7:[m[K [01;36m[Knote: [m[Kparameter passing for argument of type '[01m[Kstd::vector<g2o::SE3Quat, Eigen::aligned_allocator<g2o::SE3Quat> >::iterator {aka __gnu_cxx::__normal_iterator<g2o::SE3Quat*, std::vector<g2o::SE3Quat, Eigen::aligned_allocator<g2o::SE3Quat> > >}[m[K' changed in GCC 7.1
[01m[K/usr/include/c++/7/bits/vector.tcc:394:7:[m[K [01;36m[Knote: [m[Kparameter passing for argument of type '[01m[Kstd::vector<g2o::SE3Quat, Eigen::aligned_allocator<g2o::SE3Quat> >::iterator {aka __gnu_cxx::__normal_iterator<g2o::SE3Quat*, std::vector<g2o::SE3Quat, Eigen::aligned_allocator<g2o::SE3Quat> > >}[m[K' changed in GCC 7.1
In file included from [01m[K/usr/include/c++/7/vector:64:0[m[K,
                 from [01m[K/home/odroid/Code/catkin_ws/src/orb_slam_2_ros/orb_slam2/Thirdparty/DBoW2/DBoW2/BowVector.h:15[m[K,
                 from [01m[K/home/odroid/Code/catkin_ws/src/orb_slam_2_ros/orb_slam2/include/KeyFrame.h:25[m[K,
                 from [01m[K/home/odroid/Code/catkin_ws/src/orb_slam_2_ros/orb_slam2/include/MapPoint.h:24[m[K,
                 from [01m[K/home/odroid/Code/catkin_ws/src/orb_slam_2_ros/orb_slam2/include/Map.h:24[m[K,
                 from [01m[K/home/odroid/Code/catkin_ws/src/orb_slam_2_ros/orb_slam2/include/Optimizer.h:24[m[K,
                 from [01m[K/home/odroid/Code/catkin_ws/src/orb_slam_2_ros/orb_slam2/src/Optimizer.cc:21[m[K:
[01m[K/usr/include/c++/7/bits/stl_vector.h:[m[K In member function '[01m[Kvoid g2o::BaseUnaryEdge<D, E, VertexXi>::linearizeOplus() [with int D = 2; E = Eigen::Matrix<double, 2, 1>; VertexXi = g2o::VertexSE3Expmap][m[K':
[01m[K/usr/include/c++/7/bits/stl_vector.h:948:21:[m[K [01;36m[Knote: [m[Kparameter passing for argument of type '[01m[K__gnu_cxx::__normal_iterator<g2o::SE3Quat*, std::vector<g2o::SE3Quat, Eigen::aligned_allocator<g2o::SE3Quat> > >[m[K' changed in GCC 7.1
    [01;36m[K_M_realloc_insert(end(), __x)[m[K;
    [01;36m[K~~~~~~~~~~~~~~~~~^~~~~~~~~~~~[m[K
[01m[K/usr/include/c++/7/bits/stl_vector.h:948:21:[m[K [01;36m[Knote: [m[Kparameter passing for argument of type '[01m[K__gnu_cxx::__normal_iterator<g2o::SE3Quat*, std::vector<g2o::SE3Quat, Eigen::aligned_allocator<g2o::SE3Quat> > >[m[K' changed in GCC 7.1
    [01;36m[K_M_realloc_insert(end(), __x)[m[K;
    [01;36m[K~~~~~~~~~~~~~~~~~^~~~~~~~~~~~[m[K
[01m[K/usr/include/c++/7/bits/stl_vector.h:[m[K In member function '[01m[Kvoid g2o::BaseUnaryEdge<D, E, VertexXi>::linearizeOplus() [with int D = 3; E = Eigen::Matrix<double, 3, 1>; VertexXi = g2o::VertexSE3Expmap][m[K':
[01m[K/usr/include/c++/7/bits/stl_vector.h:948:21:[m[K [01;36m[Knote: [m[Kparameter passing for argument of type '[01m[K__gnu_cxx::__normal_iterator<g2o::SE3Quat*, std::vector<g2o::SE3Quat, Eigen::aligned_allocator<g2o::SE3Quat> > >[m[K' changed in GCC 7.1
    [01;36m[K_M_realloc_insert(end(), __x)[m[K;
    [01;36m[K~~~~~~~~~~~~~~~~~^~~~~~~~~~~~[m[K
[01m[K/usr/include/c++/7/bits/stl_vector.h:948:21:[m[K [01;36m[Knote: [m[Kparameter passing for argument of type '[01m[K__gnu_cxx::__normal_iterator<g2o::SE3Quat*, std::vector<g2o::SE3Quat, Eigen::aligned_allocator<g2o::SE3Quat> > >[m[K' changed in GCC 7.1
    [01;36m[K_M_realloc_insert(end(), __x)[m[K;
    [01;36m[K~~~~~~~~~~~~~~~~~^~~~~~~~~~~~[m[K
In file included from [01m[K/usr/include/c++/7/vector:69:0[m[K,
                 from [01m[K/home/odroid/Code/catkin_ws/src/orb_slam_2_ros/orb_slam2/Thirdparty/DBoW2/DBoW2/BowVector.h:15[m[K,
                 from [01m[K/home/odroid/Code/catkin_ws/src/orb_slam_2_ros/orb_slam2/include/KeyFrame.h:25[m[K,
                 from [01m[K/home/odroid/Code/catkin_ws/src/orb_slam_2_ros/orb_slam2/include/MapPoint.h:24[m[K,
                 from [01m[K/home/odroid/Code/catkin_ws/src/orb_slam_2_ros/orb_slam2/include/Map.h:24[m[K,
                 from [01m[K/home/odroid/Code/catkin_ws/src/orb_slam_2_ros/orb_slam2/include/Optimizer.h:24[m[K,
                 from [01m[K/home/odroid/Code/catkin_ws/src/orb_slam_2_ros/orb_slam2/src/Optimizer.cc:21[m[K:
[01m[K/usr/include/c++/7/bits/vector.tcc:[m[K In member function '[01m[Kvoid g2o::LinearSolverEigen<MatrixType>::computeSymbolicDecomposition(const g2o::SparseBlockMatrix<MatrixType>&) [with MatrixType = Eigen::Matrix<double, 6, 6>][m[K':
[01m[K/usr/include/c++/7/bits/vector.tcc:105:21:[m[K [01;36m[Knote: [m[Kparameter passing for argument of type '[01m[K__gnu_cxx::__normal_iterator<Eigen::Triplet<double>*, std::vector<Eigen::Triplet<double> > >[m[K' changed in GCC 7.1
    [01;36m[K_M_realloc_insert(end(), std::forward<_Args>(__args)...)[m[K;
    [01;36m[K~~~~~~~~~~~~~~~~~^~~~~~~~~~~~~~~~~~~~~~~~~~~~~~~~~~~~~~~[m[K
[01m[K/usr/include/c++/7/bits/vector.tcc:[m[K In member function '[01m[Kbool g2o::LinearSolverEigen<MatrixType>::solve(const g2o::SparseBlockMatrix<MatrixType>&, double*, double*) [with MatrixType = Eigen::Matrix<double, 6, 6>][m[K':
[01m[K/usr/include/c++/7/bits/vector.tcc:105:21:[m[K [01;36m[Knote: [m[Kparameter passing for argument of type '[01m[K__gnu_cxx::__normal_iterator<Eigen::Triplet<double>*, std::vector<Eigen::Triplet<double> > >[m[K' changed in GCC 7.1
    [01;36m[K_M_realloc_insert(end(), std::forward<_Args>(__args)...)[m[K;
    [01;36m[K~~~~~~~~~~~~~~~~~^~~~~~~~~~~~~~~~~~~~~~~~~~~~~~~~~~~~~~~[m[K
[01m[K/usr/include/c++/7/bits/vector.tcc:105:21:[m[K [01;36m[Knote: [m[Kparameter passing for argument of type '[01m[K__gnu_cxx::__normal_iterator<Eigen::Triplet<double>*, std::vector<Eigen::Triplet<double> > >[m[K' changed in GCC 7.1
[01m[K/usr/include/c++/7/bits/vector.tcc:105:21:[m[K [01;36m[Knote: [m[Kparameter passing for argument of type '[01m[K__gnu_cxx::__normal_iterator<Eigen::Triplet<double>*, std::vector<Eigen::Triplet<double> > >[m[K' changed in GCC 7.1
[01m[K/usr/include/c++/7/bits/vector.tcc:105:21:[m[K [01;36m[Knote: [m[Kparameter passing for argument of type '[01m[K__gnu_cxx::__normal_iterator<Eigen::Triplet<double>*, std::vector<Eigen::Triplet<double> > >[m[K' changed in GCC 7.1
[01m[K/usr/include/c++/7/bits/vector.tcc:105:21:[m[K [01;36m[Knote: [m[Kparameter passing for argument of type '[01m[K__gnu_cxx::__normal_iterator<Eigen::Triplet<double>*, std::vector<Eigen::Triplet<double> > >[m[K' changed in GCC 7.1
[01m[K/usr/include/c++/7/bits/vector.tcc:105:21:[m[K [01;36m[Knote: [m[Kparameter passing for argument of type '[01m[K__gnu_cxx::__normal_iterator<Eigen::Triplet<double>*, std::vector<Eigen::Triplet<double> > >[m[K' changed in GCC 7.1
[01m[K/usr/include/c++/7/bits/vector.tcc:[m[K In member function '[01m[Kvoid g2o::LinearSolverEigen<MatrixType>::computeSymbolicDecomposition(const g2o::SparseBlockMatrix<MatrixType>&) [with MatrixType = Eigen::Matrix<double, 7, 7, 0, 7, 7>][m[K':
[01m[K/usr/include/c++/7/bits/vector.tcc:105:21:[m[K [01;36m[Knote: [m[Kparameter passing for argument of type '[01m[K__gnu_cxx::__normal_iterator<Eigen::Triplet<double>*, std::vector<Eigen::Triplet<double> > >[m[K' changed in GCC 7.1
    [01;36m[K_M_realloc_insert(end(), std::forward<_Args>(__args)...)[m[K;
    [01;36m[K~~~~~~~~~~~~~~~~~^~~~~~~~~~~~~~~~~~~~~~~~~~~~~~~~~~~~~~~[m[K
[01m[K/usr/include/c++/7/bits/vector.tcc:[m[K In member function '[01m[Kbool g2o::LinearSolverEigen<MatrixType>::solve(const g2o::SparseBlockMatrix<MatrixType>&, double*, double*) [with MatrixType = Eigen::Matrix<double, 7, 7, 0, 7, 7>][m[K':
[01m[K/usr/include/c++/7/bits/vector.tcc:105:21:[m[K [01;36m[Knote: [m[Kparameter passing for argument of type '[01m[K__gnu_cxx::__normal_iterator<Eigen::Triplet<double>*, std::vector<Eigen::Triplet<double> > >[m[K' changed in GCC 7.1
    [01;36m[K_M_realloc_insert(end(), std::forward<_Args>(__args)...)[m[K;
    [01;36m[K~~~~~~~~~~~~~~~~~^~~~~~~~~~~~~~~~~~~~~~~~~~~~~~~~~~~~~~~[m[K
[01m[K/usr/include/c++/7/bits/vector.tcc:105:21:[m[K [01;36m[Knote: [m[Kparameter passing for argument of type '[01m[K__gnu_cxx::__normal_iterator<Eigen::Triplet<double>*, std::vector<Eigen::Triplet<double> > >[m[K' changed in GCC 7.1
[01m[K/usr/include/c++/7/bits/vector.tcc:105:21:[m[K [01;36m[Knote: [m[Kparameter passing for argument of type '[01m[K__gnu_cxx::__normal_iterator<Eigen::Triplet<double>*, std::vector<Eigen::Triplet<double> > >[m[K' changed in GCC 7.1
[01m[K/usr/include/c++/7/bits/vector.tcc:105:21:[m[K [01;36m[Knote: [m[Kparameter passing for argument of type '[01m[K__gnu_cxx::__normal_iterator<Eigen::Triplet<double>*, std::vector<Eigen::Triplet<double> > >[m[K' changed in GCC 7.1
[01m[K/usr/include/c++/7/bits/vector.tcc:105:21:[m[K [01;36m[Knote: [m[Kparameter passing for argument of type '[01m[K__gnu_cxx::__normal_iterator<Eigen::Triplet<double>*, std::vector<Eigen::Triplet<double> > >[m[K' changed in GCC 7.1
[01m[K/usr/include/c++/7/bits/vector.tcc:105:21:[m[K [01;36m[Knote: [m[Kparameter passing for argument of type '[01m[K__gnu_cxx::__normal_iterator<Eigen::Triplet<double>*, std::vector<Eigen::Triplet<double> > >[m[K' changed in GCC 7.1
[01m[K/usr/include/c++/7/bits/vector.tcc:105:21:[m[K [01;36m[Knote: [m[Kparameter passing for argument of type '[01m[K__gnu_cxx::__normal_iterator<Eigen::Triplet<double>*, std::vector<Eigen::Triplet<double> > >[m[K' changed in GCC 7.1
[ 70%] [32mBuilding CXX object CMakeFiles/orb_slam2_ros.dir/orb_slam2/src/PnPsolver.cc.o[0m
[ 72%] [32mBuilding CXX object CMakeFiles/orb_slam2_ros.dir/orb_slam2/src/Frame.cc.o[0m
[ 73%] [32mBuilding CXX object CMakeFiles/orb_slam2_ros.dir/orb_slam2/src/KeyFrameDatabase.cc.o[0m
[ 75%] [32mBuilding CXX object CMakeFiles/orb_slam2_ros.dir/orb_slam2/src/Sim3Solver.cc.o[0m
[ 76%] [32mBuilding CXX object CMakeFiles/orb_slam2_ros.dir/orb_slam2/src/Initializer.cc.o[0m
[ 77%] [32m[1mLinking CXX shared library /home/odroid/Code/catkin_ws/src/orb_slam_2_ros/orb_slam2/lib/liborb_slam2_ros.so[0m
[ 77%] Built target orb_slam2_ros
[35m[1mScanning dependencies of target orb_slam2_ros_generate_messages_py[0m
[ 79%] [34m[1mGenerating Python code from SRV orb_slam2_ros/SaveMap[0m
[ 80%] [34m[1mGenerating Python srv __init__.py for orb_slam2_ros[0m
[ 80%] Built target orb_slam2_ros_generate_messages_py
[35m[1mScanning dependencies of target orb_slam2_ros_generate_messages_lisp[0m
[ 81%] [34m[1mGenerating Lisp code from orb_slam2_ros/SaveMap.srv[0m
[ 81%] Built target orb_slam2_ros_generate_messages_lisp
[35m[1mScanning dependencies of target orb_slam2_ros_generate_messages_eus[0m
[ 83%] [34m[1mGenerating EusLisp code from orb_slam2_ros/SaveMap.srv[0m
[ 84%] [34m[1mGenerating EusLisp manifest code for orb_slam2_ros[0m
[ 84%] Built target orb_slam2_ros_generate_messages_eus
[35m[1mScanning dependencies of target orb_slam2_ros_generate_messages_cpp[0m
[ 86%] [34m[1mGenerating C++ code from orb_slam2_ros/SaveMap.srv[0m
[ 86%] Built target orb_slam2_ros_generate_messages_cpp
[35m[1mScanning dependencies of target orb_slam2_ros_generate_messages_nodejs[0m
[ 87%] [34m[1mGenerating Javascript code from orb_slam2_ros/SaveMap.srv[0m
[ 87%] Built target orb_slam2_ros_generate_messages_nodejs
[35m[1mScanning dependencies of target orb_slam2_ros_stereo[0m
[ 88%] [32mBuilding CXX object CMakeFiles/orb_slam2_ros_stereo.dir/ros/src/StereoNode.cc.o[0m
[ 90%] [32mBuilding CXX object CMakeFiles/orb_slam2_ros_stereo.dir/ros/src/Node.cc.o[0m
[ 91%] [32m[1mLinking CXX executable /home/odroid/Code/catkin_ws/devel/.private/orb_slam2_ros/lib/orb_slam2_ros/orb_slam2_ros_stereo[0m
[ 91%] Built target orb_slam2_ros_stereo
[35m[1mScanning dependencies of target orb_slam2_ros_rgbd[0m
[ 93%] [32mBuilding CXX object CMakeFiles/orb_slam2_ros_rgbd.dir/ros/src/RGBDNode.cc.o[0m
[ 94%] [32mBuilding CXX object CMakeFiles/orb_slam2_ros_rgbd.dir/ros/src/Node.cc.o[0m
[ 95%] [32m[1mLinking CXX executable /home/odroid/Code/catkin_ws/devel/.private/orb_slam2_ros/lib/orb_slam2_ros/orb_slam2_ros_rgbd[0m
[ 95%] Built target orb_slam2_ros_rgbd
[35m[1mScanning dependencies of target orb_slam2_ros_mono[0m
[ 97%] [32mBuilding CXX object CMakeFiles/orb_slam2_ros_mono.dir/ros/src/MonoNode.cc.o[0m
[ 98%] [32mBuilding CXX object CMakeFiles/orb_slam2_ros_mono.dir/ros/src/Node.cc.o[0m
[100%] [32m[1mLinking CXX executable /home/odroid/Code/catkin_ws/devel/.private/orb_slam2_ros/lib/orb_slam2_ros/orb_slam2_ros_mono[0m
[100%] Built target orb_slam2_ros_mono
[35m[1mScanning dependencies of target orb_slam2_ros_generate_messages[0m
[100%] Built target orb_slam2_ros_generate_messages
