In file included from [01m[K/usr/include/c++/7/vector:63:0[m[K,
                 from [01m[K/home/odroid/Code/catkin_ws/src/orb_slam_2_ros/orb_slam2/Thirdparty/g2o/g2o/types/../core/hyper_graph.h:34[m[K,
                 from [01m[K/home/odroid/Code/catkin_ws/src/orb_slam_2_ros/orb_slam2/Thirdparty/g2o/g2o/types/../core/optimizable_graph.h:38[m[K,
                 from [01m[K/home/odroid/Code/catkin_ws/src/orb_slam_2_ros/orb_slam2/Thirdparty/g2o/g2o/types/../core/base_vertex.h:30[m[K,
                 from [01m[K/home/odroid/Code/catkin_ws/src/orb_slam_2_ros/orb_slam2/Thirdparty/g2o/g2o/types/types_six_dof_expmap.h:37[m[K,
                 from [01m[K/home/odroid/Code/catkin_ws/src/orb_slam_2_ros/orb_slam2/Thirdparty/g2o/g2o/types/types_six_dof_expmap.cpp:27[m[K:
[01m[K/usr/include/c++/7/bits/stl_uninitialized.h:[m[K In function '[01m[K_ForwardIterator std::__uninitialized_copy_a(_InputIterator, _InputIterator, _ForwardIterator, _Allocator&) [with _InputIterator = std::move_iterator<Eigen::Matrix<double, 3, 1>*>; _ForwardIterator = Eigen::Matrix<double, 3, 1>*; _Allocator = Eigen::aligned_allocator<Eigen::Matrix<double, 3, 1> >][m[K':
[01m[K/usr/include/c++/7/bits/stl_uninitialized.h:267:5:[m[K [01;36m[Knote: [m[Kparameter passing for argument of type '[01m[Kstd::move_iterator<Eigen::Matrix<double, 3, 1>*>[m[K' changed in GCC 7.1
     [01;36m[K__uninitialized_copy_a[m[K(_InputIterator __first, _InputIterator __last,
     [01;36m[K^~~~~~~~~~~~~~~~~~~~~~[m[K
[01m[K/usr/include/c++/7/bits/stl_uninitialized.h:267:5:[m[K [01;36m[Knote: [m[Kparameter passing for argument of type '[01m[Kstd::move_iterator<Eigen::Matrix<double, 3, 1>*>[m[K' changed in GCC 7.1
[01m[K/usr/include/c++/7/bits/stl_uninitialized.h:[m[K In member function '[01m[Kvoid g2o::BaseBinaryEdge<D, E, VertexXi, VertexXj>::linearizeOplus() [with int D = 2; E = Eigen::Matrix<double, 2, 1>; VertexXi = g2o::VertexSBAPointXYZ; VertexXj = g2o::VertexSE3Expmap][m[K':
[01m[K/usr/include/c++/7/bits/stl_uninitialized.h:312:69:[m[K [01;36m[Knote: [m[Kparameter passing for argument of type '[01m[Kstd::move_iterator<Eigen::Matrix<double, 3, 1>*>[m[K' changed in GCC 7.1
   _GLIBCXX_MAKE_MOVE_IF_NOEXCEPT_ITERATOR(__last), __result, __alloc[01;36m[K)[m[K;
                                                                     [01;36m[K^[m[K
[01m[K/usr/include/c++/7/bits/stl_uninitialized.h:312:69:[m[K [01;36m[Knote: [m[Kparameter passing for argument of type '[01m[Kstd::move_iterator<Eigen::Matrix<double, 3, 1>*>[m[K' changed in GCC 7.1
   _GLIBCXX_MAKE_MOVE_IF_NOEXCEPT_ITERATOR(__last), __result, __alloc[01;36m[K)[m[K;
                                                                     [01;36m[K^[m[K
[01m[K/usr/include/c++/7/bits/stl_uninitialized.h:312:69:[m[K [01;36m[Knote: [m[Kparameter passing for argument of type '[01m[Kstd::move_iterator<Eigen::Matrix<double, 3, 1>*>[m[K' changed in GCC 7.1
   _GLIBCXX_MAKE_MOVE_IF_NOEXCEPT_ITERATOR(__last), __result, __alloc[01;36m[K)[m[K;
                                                                     [01;36m[K^[m[K
[01m[K/usr/include/c++/7/bits/stl_uninitialized.h:312:69:[m[K [01;36m[Knote: [m[Kparameter passing for argument of type '[01m[Kstd::move_iterator<Eigen::Matrix<double, 3, 1>*>[m[K' changed in GCC 7.1
   _GLIBCXX_MAKE_MOVE_IF_NOEXCEPT_ITERATOR(__last), __result, __alloc[01;36m[K)[m[K;
                                                                     [01;36m[K^[m[K
[01m[K/usr/include/c++/7/bits/stl_uninitialized.h:[m[K In member function '[01m[Kvoid g2o::BaseBinaryEdge<D, E, VertexXi, VertexXj>::linearizeOplus() [with int D = 3; E = Eigen::Matrix<double, 3, 1>; VertexXi = g2o::VertexSBAPointXYZ; VertexXj = g2o::VertexSE3Expmap][m[K':
[01m[K/usr/include/c++/7/bits/stl_uninitialized.h:312:69:[m[K [01;36m[Knote: [m[Kparameter passing for argument of type '[01m[Kstd::move_iterator<Eigen::Matrix<double, 3, 1>*>[m[K' changed in GCC 7.1
   _GLIBCXX_MAKE_MOVE_IF_NOEXCEPT_ITERATOR(__last), __result, __alloc[01;36m[K)[m[K;
                                                                     [01;36m[K^[m[K
[01m[K/usr/include/c++/7/bits/stl_uninitialized.h:312:69:[m[K [01;36m[Knote: [m[Kparameter passing for argument of type '[01m[Kstd::move_iterator<Eigen::Matrix<double, 3, 1>*>[m[K' changed in GCC 7.1
   _GLIBCXX_MAKE_MOVE_IF_NOEXCEPT_ITERATOR(__last), __result, __alloc[01;36m[K)[m[K;
                                                                     [01;36m[K^[m[K
[01m[K/usr/include/c++/7/bits/stl_uninitialized.h:312:69:[m[K [01;36m[Knote: [m[Kparameter passing for argument of type '[01m[Kstd::move_iterator<Eigen::Matrix<double, 3, 1>*>[m[K' changed in GCC 7.1
   _GLIBCXX_MAKE_MOVE_IF_NOEXCEPT_ITERATOR(__last), __result, __alloc[01;36m[K)[m[K;
                                                                     [01;36m[K^[m[K
[01m[K/usr/include/c++/7/bits/stl_uninitialized.h:312:69:[m[K [01;36m[Knote: [m[Kparameter passing for argument of type '[01m[Kstd::move_iterator<Eigen::Matrix<double, 3, 1>*>[m[K' changed in GCC 7.1
   _GLIBCXX_MAKE_MOVE_IF_NOEXCEPT_ITERATOR(__last), __result, __alloc[01;36m[K)[m[K;
                                                                     [01;36m[K^[m[K
In file included from [01m[K/usr/include/c++/7/vector:63:0[m[K,
                 from [01m[K/home/odroid/Code/catkin_ws/src/orb_slam_2_ros/orb_slam2/Thirdparty/g2o/g2o/types/../core/hyper_graph.h:34[m[K,
                 from [01m[K/home/odroid/Code/catkin_ws/src/orb_slam_2_ros/orb_slam2/Thirdparty/g2o/g2o/types/../core/optimizable_graph.h:38[m[K,
                 from [01m[K/home/odroid/Code/catkin_ws/src/orb_slam_2_ros/orb_slam2/Thirdparty/g2o/g2o/types/../core/base_vertex.h:30[m[K,
                 from [01m[K/home/odroid/Code/catkin_ws/src/orb_slam_2_ros/orb_slam2/Thirdparty/g2o/g2o/types/types_seven_dof_expmap.h:34[m[K,
                 from [01m[K/home/odroid/Code/catkin_ws/src/orb_slam_2_ros/orb_slam2/Thirdparty/g2o/g2o/types/types_seven_dof_expmap.cpp:27[m[K:
[01m[K/usr/include/c++/7/bits/stl_uninitialized.h:[m[K In function '[01m[K_ForwardIterator std::__uninitialized_copy_a(_InputIterator, _InputIterator, _ForwardIterator, _Allocator&) [with _InputIterator = std::move_iterator<Eigen::Matrix<double, 3, 1>*>; _ForwardIterator = Eigen::Matrix<double, 3, 1>*; _Allocator = Eigen::aligned_allocator<Eigen::Matrix<double, 3, 1> >][m[K':
[01m[K/usr/include/c++/7/bits/stl_uninitialized.h:267:5:[m[K [01;36m[Knote: [m[Kparameter passing for argument of type '[01m[Kstd::move_iterator<Eigen::Matrix<double, 3, 1>*>[m[K' changed in GCC 7.1
     [01;36m[K__uninitialized_copy_a[m[K(_InputIterator __first, _InputIterator __last,
     [01;36m[K^~~~~~~~~~~~~~~~~~~~~~[m[K
[01m[K/usr/include/c++/7/bits/stl_uninitialized.h:267:5:[m[K [01;36m[Knote: [m[Kparameter passing for argument of type '[01m[Kstd::move_iterator<Eigen::Matrix<double, 3, 1>*>[m[K' changed in GCC 7.1
[01m[K/usr/include/c++/7/bits/stl_uninitialized.h:[m[K In member function '[01m[Kvoid g2o::BaseVertex<D, T>::push() [with int D = 3; T = Eigen::Matrix<double, 3, 1>][m[K':
[01m[K/usr/include/c++/7/bits/stl_uninitialized.h:312:69:[m[K [01;36m[Knote: [m[Kparameter passing for argument of type '[01m[Kstd::move_iterator<Eigen::Matrix<double, 3, 1>*>[m[K' changed in GCC 7.1
   _GLIBCXX_MAKE_MOVE_IF_NOEXCEPT_ITERATOR(__last), __result, __alloc[01;36m[K)[m[K;
                                                                     [01;36m[K^[m[K
[01m[K/usr/include/c++/7/bits/stl_uninitialized.h:312:69:[m[K [01;36m[Knote: [m[Kparameter passing for argument of type '[01m[Kstd::move_iterator<Eigen::Matrix<double, 3, 1>*>[m[K' changed in GCC 7.1
   _GLIBCXX_MAKE_MOVE_IF_NOEXCEPT_ITERATOR(__last), __result, __alloc[01;36m[K)[m[K;
                                                                     [01;36m[K^[m[K
In file included from [01m[K/usr/include/c++/7/vector:69:0[m[K,
                 from [01m[K/home/odroid/Code/catkin_ws/src/orb_slam_2_ros/orb_slam2/Thirdparty/g2o/g2o/types/../core/hyper_graph.h:34[m[K,
                 from [01m[K/home/odroid/Code/catkin_ws/src/orb_slam_2_ros/orb_slam2/Thirdparty/g2o/g2o/types/../core/optimizable_graph.h:38[m[K,
                 from [01m[K/home/odroid/Code/catkin_ws/src/orb_slam_2_ros/orb_slam2/Thirdparty/g2o/g2o/types/../core/base_vertex.h:30[m[K,
                 from [01m[K/home/odroid/Code/catkin_ws/src/orb_slam_2_ros/orb_slam2/Thirdparty/g2o/g2o/types/types_seven_dof_expmap.h:34[m[K,
                 from [01m[K/home/odroid/Code/catkin_ws/src/orb_slam_2_ros/orb_slam2/Thirdparty/g2o/g2o/types/types_seven_dof_expmap.cpp:27[m[K:
[01m[K/usr/include/c++/7/bits/vector.tcc:[m[K In member function '[01m[Kvoid std::vector<_Tp, _Alloc>::_M_realloc_insert(std::vector<_Tp, _Alloc>::iterator, _Args&& ...) [with _Args = {const Eigen::Matrix<double, 3, 1, 0, 3, 1>&}; _Tp = Eigen::Matrix<double, 3, 1>; _Alloc = Eigen::aligned_allocator<Eigen::Matrix<double, 3, 1> >][m[K':
[01m[K/usr/include/c++/7/bits/vector.tcc:394:7:[m[K [01;36m[Knote: [m[Kparameter passing for argument of type '[01m[Kstd::vector<Eigen::Matrix<double, 3, 1>, Eigen::aligned_allocator<Eigen::Matrix<double, 3, 1> > >::iterator {aka __gnu_cxx::__normal_iterator<Eigen::Matrix<double, 3, 1>*, std::vector<Eigen::Matrix<double, 3, 1>, Eigen::aligned_allocator<Eigen::Matrix<double, 3, 1> > > >}[m[K' changed in GCC 7.1
       [01;36m[Kvector<_Tp, _Alloc>[m[K::
       [01;36m[K^~~~~~~~~~~~~~~~~~~[m[K
[01m[K/usr/include/c++/7/bits/vector.tcc:394:7:[m[K [01;36m[Knote: [m[Kparameter passing for argument of type '[01m[Kstd::vector<Eigen::Matrix<double, 3, 1>, Eigen::aligned_allocator<Eigen::Matrix<double, 3, 1> > >::iterator {aka __gnu_cxx::__normal_iterator<Eigen::Matrix<double, 3, 1>*, std::vector<Eigen::Matrix<double, 3, 1>, Eigen::aligned_allocator<Eigen::Matrix<double, 3, 1> > > >}[m[K' changed in GCC 7.1
In file included from [01m[K/usr/include/c++/7/vector:64:0[m[K,
                 from [01m[K/home/odroid/Code/catkin_ws/src/orb_slam_2_ros/orb_slam2/Thirdparty/g2o/g2o/types/../core/hyper_graph.h:34[m[K,
                 from [01m[K/home/odroid/Code/catkin_ws/src/orb_slam_2_ros/orb_slam2/Thirdparty/g2o/g2o/types/../core/optimizable_graph.h:38[m[K,
                 from [01m[K/home/odroid/Code/catkin_ws/src/orb_slam_2_ros/orb_slam2/Thirdparty/g2o/g2o/types/../core/base_vertex.h:30[m[K,
                 from [01m[K/home/odroid/Code/catkin_ws/src/orb_slam_2_ros/orb_slam2/Thirdparty/g2o/g2o/types/types_seven_dof_expmap.h:34[m[K,
                 from [01m[K/home/odroid/Code/catkin_ws/src/orb_slam_2_ros/orb_slam2/Thirdparty/g2o/g2o/types/types_seven_dof_expmap.cpp:27[m[K:
[01m[K/usr/include/c++/7/bits/stl_vector.h:[m[K In member function '[01m[Kvoid g2o::BaseBinaryEdge<D, E, VertexXi, VertexXj>::linearizeOplus() [with int D = 2; E = Eigen::Matrix<double, 2, 1>; VertexXi = g2o::VertexSBAPointXYZ; VertexXj = g2o::VertexSim3Expmap][m[K':
[01m[K/usr/include/c++/7/bits/stl_vector.h:948:21:[m[K [01;36m[Knote: [m[Kparameter passing for argument of type '[01m[K__gnu_cxx::__normal_iterator<Eigen::Matrix<double, 3, 1>*, std::vector<Eigen::Matrix<double, 3, 1>, Eigen::aligned_allocator<Eigen::Matrix<double, 3, 1> > > >[m[K' changed in GCC 7.1
    [01;36m[K_M_realloc_insert(end(), __x)[m[K;
    [01;36m[K~~~~~~~~~~~~~~~~~^~~~~~~~~~~~[m[K
[01m[K/usr/include/c++/7/bits/stl_vector.h:948:21:[m[K [01;36m[Knote: [m[Kparameter passing for argument of type '[01m[K__gnu_cxx::__normal_iterator<Eigen::Matrix<double, 3, 1>*, std::vector<Eigen::Matrix<double, 3, 1>, Eigen::aligned_allocator<Eigen::Matrix<double, 3, 1> > > >[m[K' changed in GCC 7.1
    [01;36m[K_M_realloc_insert(end(), __x)[m[K;
    [01;36m[K~~~~~~~~~~~~~~~~~^~~~~~~~~~~~[m[K
In file included from [01m[K/usr/include/c++/7/queue:62:0[m[K,
                 from [01m[K/home/odroid/Code/catkin_ws/src/orb_slam_2_ros/orb_slam2/Thirdparty/g2o/g2o/core/hyper_dijkstra.cpp:27[m[K:
[01m[K/usr/include/c++/7/bits/stl_heap.h:[m[K In function '[01m[Kvoid std::__push_heap(_RandomAccessIterator, _Distance, _Distance, _Tp, _Compare&) [with _RandomAccessIterator = __gnu_cxx::__normal_iterator<g2o::HyperDijkstra::AdjacencyMapEntry*, std::vector<g2o::HyperDijkstra::AdjacencyMapEntry, std::allocator<g2o::HyperDijkstra::AdjacencyMapEntry> > >; _Distance = int; _Tp = g2o::HyperDijkstra::AdjacencyMapEntry; _Compare = __gnu_cxx::__ops::_Iter_comp_val<std::less<g2o::HyperDijkstra::AdjacencyMapEntry> >][m[K':
[01m[K/usr/include/c++/7/bits/stl_heap.h:128:5:[m[K [01;36m[Knote: [m[Kparameter passing for argument of type '[01m[K__gnu_cxx::__normal_iterator<g2o::HyperDijkstra::AdjacencyMapEntry*, std::vector<g2o::HyperDijkstra::AdjacencyMapEntry, std::allocator<g2o::HyperDijkstra::AdjacencyMapEntry> > >[m[K' changed in GCC 7.1
     [01;36m[K__push_heap[m[K(_RandomAccessIterator __first,
     [01;36m[K^~~~~~~~~~~[m[K
In file included from [01m[K/usr/include/c++/7/vector:69:0[m[K,
                 from [01m[K/usr/include/c++/7/queue:61[m[K,
                 from [01m[K/home/odroid/Code/catkin_ws/src/orb_slam_2_ros/orb_slam2/Thirdparty/g2o/g2o/core/hyper_dijkstra.cpp:27[m[K:
[01m[K/usr/include/c++/7/bits/vector.tcc:[m[K In member function '[01m[Kvoid std::vector<_Tp, _Alloc>::_M_realloc_insert(std::vector<_Tp, _Alloc>::iterator, _Args&& ...) [with _Args = {const g2o::HyperDijkstra::AdjacencyMapEntry&}; _Tp = g2o::HyperDijkstra::AdjacencyMapEntry; _Alloc = std::allocator<g2o::HyperDijkstra::AdjacencyMapEntry>][m[K':
[01m[K/usr/include/c++/7/bits/vector.tcc:394:7:[m[K [01;36m[Knote: [m[Kparameter passing for argument of type '[01m[Kstd::vector<g2o::HyperDijkstra::AdjacencyMapEntry, std::allocator<g2o::HyperDijkstra::AdjacencyMapEntry> >::iterator {aka __gnu_cxx::__normal_iterator<g2o::HyperDijkstra::AdjacencyMapEntry*, std::vector<g2o::HyperDijkstra::AdjacencyMapEntry, std::allocator<g2o::HyperDijkstra::AdjacencyMapEntry> > >}[m[K' changed in GCC 7.1
       [01;36m[Kvector<_Tp, _Alloc>[m[K::
       [01;36m[K^~~~~~~~~~~~~~~~~~~[m[K
In file included from [01m[K/usr/include/c++/7/queue:62:0[m[K,
                 from [01m[K/home/odroid/Code/catkin_ws/src/orb_slam_2_ros/orb_slam2/Thirdparty/g2o/g2o/core/hyper_dijkstra.cpp:27[m[K:
[01m[K/usr/include/c++/7/bits/stl_heap.h:[m[K In function '[01m[Kvoid std::__adjust_heap(_RandomAccessIterator, _Distance, _Distance, _Tp, _Compare) [with _RandomAccessIterator = __gnu_cxx::__normal_iterator<g2o::HyperDijkstra::AdjacencyMapEntry*, std::vector<g2o::HyperDijkstra::AdjacencyMapEntry, std::allocator<g2o::HyperDijkstra::AdjacencyMapEntry> > >; _Distance = int; _Tp = g2o::HyperDijkstra::AdjacencyMapEntry; _Compare = __gnu_cxx::__ops::_Iter_comp_iter<std::less<g2o::HyperDijkstra::AdjacencyMapEntry> >][m[K':
[01m[K/usr/include/c++/7/bits/stl_heap.h:214:5:[m[K [01;36m[Knote: [m[Kparameter passing for argument of type '[01m[K__gnu_cxx::__normal_iterator<g2o::HyperDijkstra::AdjacencyMapEntry*, std::vector<g2o::HyperDijkstra::AdjacencyMapEntry, std::allocator<g2o::HyperDijkstra::AdjacencyMapEntry> > >[m[K' changed in GCC 7.1
     [01;36m[K__adjust_heap[m[K(_RandomAccessIterator __first, _Distance __holeIndex,
     [01;36m[K^~~~~~~~~~~~~[m[K
In file included from [01m[K/usr/include/c++/7/vector:64:0[m[K,
                 from [01m[K/usr/include/c++/7/queue:61[m[K,
                 from [01m[K/home/odroid/Code/catkin_ws/src/orb_slam_2_ros/orb_slam2/Thirdparty/g2o/g2o/core/hyper_dijkstra.cpp:27[m[K:
[01m[K/usr/include/c++/7/bits/stl_vector.h:[m[K In member function '[01m[Kvoid g2o::HyperDijkstra::shortestPaths(g2o::HyperGraph::VertexSet&, g2o::HyperDijkstra::CostFunction*, double, double, bool, double)[m[K':
[01m[K/usr/include/c++/7/bits/stl_vector.h:948:21:[m[K [01;36m[Knote: [m[Kparameter passing for argument of type '[01m[K__gnu_cxx::__normal_iterator<g2o::HyperDijkstra::AdjacencyMapEntry*, std::vector<g2o::HyperDijkstra::AdjacencyMapEntry, std::allocator<g2o::HyperDijkstra::AdjacencyMapEntry> > >[m[K' changed in GCC 7.1
    [01;36m[K_M_realloc_insert(end(), __x)[m[K;
    [01;36m[K~~~~~~~~~~~~~~~~~^~~~~~~~~~~~[m[K
[01m[K/usr/include/c++/7/bits/stl_vector.h:948:21:[m[K [01;36m[Knote: [m[Kparameter passing for argument of type '[01m[K__gnu_cxx::__normal_iterator<g2o::HyperDijkstra::AdjacencyMapEntry*, std::vector<g2o::HyperDijkstra::AdjacencyMapEntry, std::allocator<g2o::HyperDijkstra::AdjacencyMapEntry> > >[m[K' changed in GCC 7.1
    [01;36m[K_M_realloc_insert(end(), __x)[m[K;
    [01;36m[K~~~~~~~~~~~~~~~~~^~~~~~~~~~~~[m[K
In file included from [01m[K/usr/include/c++/7/vector:69:0[m[K,
                 from [01m[K/usr/include/opencv2/core/types.hpp:53[m[K,
                 from [01m[K/usr/include/opencv2/core.hpp:58[m[K,
                 from [01m[K/usr/include/opencv2/core/core.hpp:48[m[K,
                 from [01m[K/home/odroid/Code/catkin_ws/src/orb_slam_2_ros/orb_slam2/include/System.h:28[m[K,
                 from [01m[K/home/odroid/Code/catkin_ws/src/orb_slam_2_ros/orb_slam2/src/System.cc:23[m[K:
[01m[K/usr/include/c++/7/bits/vector.tcc:[m[K In member function '[01m[Kvoid std::vector<_Tp, _Alloc>::_M_realloc_insert(std::vector<_Tp, _Alloc>::iterator, _Args&& ...) [with _Args = {DBoW2::TemplatedVocabulary<cv::Mat, DBoW2::FORB>::Node}; _Tp = DBoW2::TemplatedVocabulary<cv::Mat, DBoW2::FORB>::Node; _Alloc = std::allocator<DBoW2::TemplatedVocabulary<cv::Mat, DBoW2::FORB>::Node>][m[K':
[01m[K/usr/include/c++/7/bits/vector.tcc:394:7:[m[K [01;36m[Knote: [m[Kparameter passing for argument of type '[01m[Kstd::vector<DBoW2::TemplatedVocabulary<cv::Mat, DBoW2::FORB>::Node, std::allocator<DBoW2::TemplatedVocabulary<cv::Mat, DBoW2::FORB>::Node> >::iterator {aka __gnu_cxx::__normal_iterator<DBoW2::TemplatedVocabulary<cv::Mat, DBoW2::FORB>::Node*, std::vector<DBoW2::TemplatedVocabulary<cv::Mat, DBoW2::FORB>::Node, std::allocator<DBoW2::TemplatedVocabulary<cv::Mat, DBoW2::FORB>::Node> > >}[m[K' changed in GCC 7.1
       [01;36m[Kvector<_Tp, _Alloc>[m[K::
       [01;36m[K^~~~~~~~~~~~~~~~~~~[m[K
[01m[K/usr/include/c++/7/bits/vector.tcc:[m[K In member function '[01m[Kvoid std::vector<_Tp, _Alloc>::emplace_back(_Args&& ...) [with _Args = {DBoW2::TemplatedVocabulary<cv::Mat, DBoW2::FORB>::Node}; _Tp = DBoW2::TemplatedVocabulary<cv::Mat, DBoW2::FORB>::Node; _Alloc = std::allocator<DBoW2::TemplatedVocabulary<cv::Mat, DBoW2::FORB>::Node>][m[K':
[01m[K/usr/include/c++/7/bits/vector.tcc:105:21:[m[K [01;36m[Knote: [m[Kparameter passing for argument of type '[01m[K__gnu_cxx::__normal_iterator<DBoW2::TemplatedVocabulary<cv::Mat, DBoW2::FORB>::Node*, std::vector<DBoW2::TemplatedVocabulary<cv::Mat, DBoW2::FORB>::Node, std::allocator<DBoW2::TemplatedVocabulary<cv::Mat, DBoW2::FORB>::Node> > >[m[K' changed in GCC 7.1
    [01;36m[K_M_realloc_insert(end(), std::forward<_Args>(__args)...)[m[K;
    [01;36m[K~~~~~~~~~~~~~~~~~^~~~~~~~~~~~~~~~~~~~~~~~~~~~~~~~~~~~~~~[m[K
In file included from [01m[K/usr/include/c++/7/map:60:0[m[K,
                 from [01m[K/home/odroid/Code/catkin_ws/src/orb_slam_2_ros/orb_slam2/Thirdparty/DBoW2/DBoW2/BowVector.h:14[m[K,
                 from [01m[K/home/odroid/Code/catkin_ws/src/orb_slam_2_ros/orb_slam2/include/Frame.h:27[m[K,
                 from [01m[K/home/odroid/Code/catkin_ws/src/orb_slam_2_ros/orb_slam2/include/MapPoint.h:25[m[K,
                 from [01m[K/home/odroid/Code/catkin_ws/src/orb_slam_2_ros/orb_slam2/include/KeyFrame.h:24[m[K,
                 from [01m[K/home/odroid/Code/catkin_ws/src/orb_slam_2_ros/orb_slam2/include/LoopClosing.h:24[m[K,
                 from [01m[K/home/odroid/Code/catkin_ws/src/orb_slam_2_ros/orb_slam2/src/LoopClosing.cc:21[m[K:
[01m[K/usr/include/c++/7/bits/stl_tree.h:[m[K In function '[01m[Kstd::_Rb_tree<_Key, _Val, _KeyOfValue, _Compare, _Alloc>::iterator std::_Rb_tree<_Key, _Val, _KeyOfValue, _Compare, _Alloc>::_M_emplace_hint_unique(std::_Rb_tree<_Key, _Val, _KeyOfValue, _Compare, _Alloc>::const_iterator, _Args&& ...) [with _Args = {const std::piecewise_construct_t&, std::tuple<ORB_SLAM2::KeyFrame* const&>, std::tuple<>}; _Key = ORB_SLAM2::KeyFrame*; _Val = std::pair<ORB_SLAM2::KeyFrame* const, g2o::Sim3>; _KeyOfValue = std::_Select1st<std::pair<ORB_SLAM2::KeyFrame* const, g2o::Sim3> >; _Compare = std::less<ORB_SLAM2::KeyFrame*>; _Alloc = Eigen::aligned_allocator<std::pair<ORB_SLAM2::KeyFrame* const, g2o::Sim3> >][m[K':
[01m[K/usr/include/c++/7/bits/stl_tree.h:2395:7:[m[K [01;36m[Knote: [m[Kparameter passing for argument of type '[01m[Kstd::_Rb_tree<ORB_SLAM2::KeyFrame*, std::pair<ORB_SLAM2::KeyFrame* const, g2o::Sim3>, std::_Select1st<std::pair<ORB_SLAM2::KeyFrame* const, g2o::Sim3> >, std::less<ORB_SLAM2::KeyFrame*>, Eigen::aligned_allocator<std::pair<ORB_SLAM2::KeyFrame* const, g2o::Sim3> > >::const_iterator {aka std::_Rb_tree_const_iterator<std::pair<ORB_SLAM2::KeyFrame* const, g2o::Sim3> >}[m[K' changed in GCC 7.1
       [01;36m[K_Rb_tree<_Key, _Val, _KeyOfValue, _Compare, _Alloc>[m[K::
       [01;36m[K^~~~~~~~~~~~~~~~~~~~~~~~~~~~~~~~~~~~~~~~~~~~~~~~~~~[m[K
In file included from [01m[K/usr/include/c++/7/map:61:0[m[K,
                 from [01m[K/home/odroid/Code/catkin_ws/src/orb_slam_2_ros/orb_slam2/Thirdparty/DBoW2/DBoW2/BowVector.h:14[m[K,
                 from [01m[K/home/odroid/Code/catkin_ws/src/orb_slam_2_ros/orb_slam2/include/Frame.h:27[m[K,
                 from [01m[K/home/odroid/Code/catkin_ws/src/orb_slam_2_ros/orb_slam2/include/MapPoint.h:25[m[K,
                 from [01m[K/home/odroid/Code/catkin_ws/src/orb_slam_2_ros/orb_slam2/include/KeyFrame.h:24[m[K,
                 from [01m[K/home/odroid/Code/catkin_ws/src/orb_slam_2_ros/orb_slam2/include/LoopClosing.h:24[m[K,
                 from [01m[K/home/odroid/Code/catkin_ws/src/orb_slam_2_ros/orb_slam2/src/LoopClosing.cc:21[m[K:
[01m[K/usr/include/c++/7/bits/stl_map.h:[m[K In member function '[01m[Kvoid ORB_SLAM2::LoopClosing::CorrectLoop()[m[K':
[01m[K/usr/include/c++/7/bits/stl_map.h:493:4:[m[K [01;36m[Knote: [m[Kparameter passing for argument of type '[01m[Kstd::_Rb_tree<ORB_SLAM2::KeyFrame*, std::pair<ORB_SLAM2::KeyFrame* const, g2o::Sim3>, std::_Select1st<std::pair<ORB_SLAM2::KeyFrame* const, g2o::Sim3> >, std::less<ORB_SLAM2::KeyFrame*>, Eigen::aligned_allocator<std::pair<ORB_SLAM2::KeyFrame* const, g2o::Sim3> > >::const_iterator {aka std::_Rb_tree_const_iterator<std::pair<ORB_SLAM2::KeyFrame* const, g2o::Sim3> >}[m[K' changed in GCC 7.1
    [01;36m[K__i[m[K = _M_t._M_emplace_hint_unique(__i, std::piecewise_construct,
    [01;36m[K^~~[m[K
[01m[K/usr/include/c++/7/bits/stl_map.h:493:4:[m[K [01;36m[Knote: [m[Kparameter passing for argument of type '[01m[Kstd::_Rb_tree<ORB_SLAM2::KeyFrame*, std::pair<ORB_SLAM2::KeyFrame* const, g2o::Sim3>, std::_Select1st<std::pair<ORB_SLAM2::KeyFrame* const, g2o::Sim3> >, std::less<ORB_SLAM2::KeyFrame*>, Eigen::aligned_allocator<std::pair<ORB_SLAM2::KeyFrame* const, g2o::Sim3> > >::const_iterator {aka std::_Rb_tree_const_iterator<std::pair<ORB_SLAM2::KeyFrame* const, g2o::Sim3> >}[m[K' changed in GCC 7.1
    [01;36m[K__i[m[K = _M_t._M_emplace_hint_unique(__i, std::piecewise_construct,
    [01;36m[K^~~[m[K
[01m[K/usr/include/c++/7/bits/stl_map.h:493:4:[m[K [01;36m[Knote: [m[Kparameter passing for argument of type '[01m[Kstd::_Rb_tree<ORB_SLAM2::KeyFrame*, std::pair<ORB_SLAM2::KeyFrame* const, g2o::Sim3>, std::_Select1st<std::pair<ORB_SLAM2::KeyFrame* const, g2o::Sim3> >, std::less<ORB_SLAM2::KeyFrame*>, Eigen::aligned_allocator<std::pair<ORB_SLAM2::KeyFrame* const, g2o::Sim3> > >::const_iterator {aka std::_Rb_tree_const_iterator<std::pair<ORB_SLAM2::KeyFrame* const, g2o::Sim3> >}[m[K' changed in GCC 7.1
    [01;36m[K__i[m[K = _M_t._M_emplace_hint_unique(__i, std::piecewise_construct,
    [01;36m[K^~~[m[K
[01m[K/usr/include/c++/7/bits/stl_map.h:493:4:[m[K [01;36m[Knote: [m[Kparameter passing for argument of type '[01m[Kstd::_Rb_tree<ORB_SLAM2::KeyFrame*, std::pair<ORB_SLAM2::KeyFrame* const, g2o::Sim3>, std::_Select1st<std::pair<ORB_SLAM2::KeyFrame* const, g2o::Sim3> >, std::less<ORB_SLAM2::KeyFrame*>, Eigen::aligned_allocator<std::pair<ORB_SLAM2::KeyFrame* const, g2o::Sim3> > >::const_iterator {aka std::_Rb_tree_const_iterator<std::pair<ORB_SLAM2::KeyFrame* const, g2o::Sim3> >}[m[K' changed in GCC 7.1
    [01;36m[K__i[m[K = _M_t._M_emplace_hint_unique(__i, std::piecewise_construct,
    [01;36m[K^~~[m[K
In file included from [01m[K/usr/include/c++/7/algorithm:62:0[m[K,
                 from [01m[K/usr/include/opencv2/core/base.hpp:55[m[K,
                 from [01m[K/usr/include/opencv2/core.hpp:54[m[K,
                 from [01m[K/usr/include/opencv2/core/core.hpp:48[m[K,
                 from [01m[K/home/odroid/Code/catkin_ws/src/orb_slam_2_ros/orb_slam2/Thirdparty/DBoW2/DBoW2/FORB.h:13[m[K,
                 from [01m[K/home/odroid/Code/catkin_ws/src/orb_slam_2_ros/orb_slam2/include/ORBVocabulary.h:25[m[K,
                 from [01m[K/home/odroid/Code/catkin_ws/src/orb_slam_2_ros/orb_slam2/include/KeyFrame.h:27[m[K,
                 from [01m[K/home/odroid/Code/catkin_ws/src/orb_slam_2_ros/orb_slam2/include/MapPoint.h:24[m[K,
                 from [01m[K/home/odroid/Code/catkin_ws/src/orb_slam_2_ros/orb_slam2/include/Map.h:24[m[K,
                 from [01m[K/home/odroid/Code/catkin_ws/src/orb_slam_2_ros/orb_slam2/include/Optimizer.h:24[m[K,
                 from [01m[K/home/odroid/Code/catkin_ws/src/orb_slam_2_ros/orb_slam2/src/Optimizer.cc:21[m[K:
[01m[K/usr/include/c++/7/bits/stl_algo.h:[m[K In function '[01m[Kvoid std::__unguarded_linear_insert(_RandomAccessIterator, _Compare) [with _RandomAccessIterator = __gnu_cxx::__normal_iterator<g2o::{anonymous}::TripletEntry*, std::vector<g2o::{anonymous}::TripletEntry> >; _Compare = __gnu_cxx::__ops::_Val_comp_iter<g2o::{anonymous}::TripletColSort>][m[K':
[01m[K/usr/include/c++/7/bits/stl_algo.h:1821:5:[m[K [01;36m[Knote: [m[Kparameter passing for argument of type '[01m[K__gnu_cxx::__normal_iterator<g2o::{anonymous}::TripletEntry*, std::vector<g2o::{anonymous}::TripletEntry> >[m[K' changed in GCC 7.1
     [01;36m[K__unguarded_linear_insert[m[K(_RandomAccessIterator __last,
     [01;36m[K^~~~~~~~~~~~~~~~~~~~~~~~~[m[K
[01m[K/usr/include/c++/7/bits/stl_algo.h:[m[K In function '[01m[Kvoid std::__insertion_sort(_RandomAccessIterator, _RandomAccessIterator, _Compare) [with _RandomAccessIterator = __gnu_cxx::__normal_iterator<g2o::{anonymous}::TripletEntry*, std::vector<g2o::{anonymous}::TripletEntry> >; _Compare = __gnu_cxx::__ops::_Iter_comp_iter<g2o::{anonymous}::TripletColSort>][m[K':
[01m[K/usr/include/c++/7/bits/stl_algo.h:1840:5:[m[K [01;36m[Knote: [m[Kparameter passing for argument of type '[01m[K__gnu_cxx::__normal_iterator<g2o::{anonymous}::TripletEntry*, std::vector<g2o::{anonymous}::TripletEntry> >[m[K' changed in GCC 7.1
     [01;36m[K__insertion_sort[m[K(_RandomAccessIterator __first,
     [01;36m[K^~~~~~~~~~~~~~~~[m[K
[01m[K/usr/include/c++/7/bits/stl_algo.h:1840:5:[m[K [01;36m[Knote: [m[Kparameter passing for argument of type '[01m[K__gnu_cxx::__normal_iterator<g2o::{anonymous}::TripletEntry*, std::vector<g2o::{anonymous}::TripletEntry> >[m[K' changed in GCC 7.1
In file included from [01m[K/usr/include/c++/7/bits/stl_algo.h:61:0[m[K,
                 from [01m[K/usr/include/c++/7/algorithm:62[m[K,
                 from [01m[K/usr/include/opencv2/core/base.hpp:55[m[K,
                 from [01m[K/usr/include/opencv2/core.hpp:54[m[K,
                 from [01m[K/usr/include/opencv2/core/core.hpp:48[m[K,
                 from [01m[K/home/odroid/Code/catkin_ws/src/orb_slam_2_ros/orb_slam2/Thirdparty/DBoW2/DBoW2/FORB.h:13[m[K,
                 from [01m[K/home/odroid/Code/catkin_ws/src/orb_slam_2_ros/orb_slam2/include/ORBVocabulary.h:25[m[K,
                 from [01m[K/home/odroid/Code/catkin_ws/src/orb_slam_2_ros/orb_slam2/include/KeyFrame.h:27[m[K,
                 from [01m[K/home/odroid/Code/catkin_ws/src/orb_slam_2_ros/orb_slam2/include/MapPoint.h:24[m[K,
                 from [01m[K/home/odroid/Code/catkin_ws/src/orb_slam_2_ros/orb_slam2/include/Map.h:24[m[K,
                 from [01m[K/home/odroid/Code/catkin_ws/src/orb_slam_2_ros/orb_slam2/include/Optimizer.h:24[m[K,
                 from [01m[K/home/odroid/Code/catkin_ws/src/orb_slam_2_ros/orb_slam2/src/Optimizer.cc:21[m[K:
[01m[K/usr/include/c++/7/bits/stl_heap.h:[m[K In function '[01m[Kvoid std::__adjust_heap(_RandomAccessIterator, _Distance, _Distance, _Tp, _Compare) [with _RandomAccessIterator = __gnu_cxx::__normal_iterator<g2o::{anonymous}::TripletEntry*, std::vector<g2o::{anonymous}::TripletEntry> >; _Distance = int; _Tp = g2o::{anonymous}::TripletEntry; _Compare = __gnu_cxx::__ops::_Iter_comp_iter<g2o::{anonymous}::TripletColSort>][m[K':
[01m[K/usr/include/c++/7/bits/stl_heap.h:214:5:[m[K [01;36m[Knote: [m[Kparameter passing for argument of type '[01m[K__gnu_cxx::__normal_iterator<g2o::{anonymous}::TripletEntry*, std::vector<g2o::{anonymous}::TripletEntry> >[m[K' changed in GCC 7.1
     [01;36m[K__adjust_heap[m[K(_RandomAccessIterator __first, _Distance __holeIndex,
     [01;36m[K^~~~~~~~~~~~~[m[K
In file included from [01m[K/usr/include/c++/7/algorithm:62:0[m[K,
                 from [01m[K/usr/include/opencv2/core/base.hpp:55[m[K,
                 from [01m[K/usr/include/opencv2/core.hpp:54[m[K,
                 from [01m[K/usr/include/opencv2/core/core.hpp:48[m[K,
                 from [01m[K/home/odroid/Code/catkin_ws/src/orb_slam_2_ros/orb_slam2/Thirdparty/DBoW2/DBoW2/FORB.h:13[m[K,
                 from [01m[K/home/odroid/Code/catkin_ws/src/orb_slam_2_ros/orb_slam2/include/ORBVocabulary.h:25[m[K,
                 from [01m[K/home/odroid/Code/catkin_ws/src/orb_slam_2_ros/orb_slam2/include/KeyFrame.h:27[m[K,
                 from [01m[K/home/odroid/Code/catkin_ws/src/orb_slam_2_ros/orb_slam2/include/MapPoint.h:24[m[K,
                 from [01m[K/home/odroid/Code/catkin_ws/src/orb_slam_2_ros/orb_slam2/include/Map.h:24[m[K,
                 from [01m[K/home/odroid/Code/catkin_ws/src/orb_slam_2_ros/orb_slam2/include/Optimizer.h:24[m[K,
                 from [01m[K/home/odroid/Code/catkin_ws/src/orb_slam_2_ros/orb_slam2/src/Optimizer.cc:21[m[K:
[01m[K/usr/include/c++/7/bits/stl_algo.h:[m[K In function '[01m[Kvoid std::__introsort_loop(_RandomAccessIterator, _RandomAccessIterator, _Size, _Compare) [with _RandomAccessIterator = __gnu_cxx::__normal_iterator<g2o::{anonymous}::TripletEntry*, std::vector<g2o::{anonymous}::TripletEntry> >; _Size = int; _Compare = __gnu_cxx::__ops::_Iter_comp_iter<g2o::{anonymous}::TripletColSort>][m[K':
[01m[K/usr/include/c++/7/bits/stl_algo.h:1940:5:[m[K [01;36m[Knote: [m[Kparameter passing for argument of type '[01m[K__gnu_cxx::__normal_iterator<g2o::{anonymous}::TripletEntry*, std::vector<g2o::{anonymous}::TripletEntry> >[m[K' changed in GCC 7.1
     [01;36m[K__introsort_loop[m[K(_RandomAccessIterator __first,
     [01;36m[K^~~~~~~~~~~~~~~~[m[K
[01m[K/usr/include/c++/7/bits/stl_algo.h:1940:5:[m[K [01;36m[Knote: [m[Kparameter passing for argument of type '[01m[K__gnu_cxx::__normal_iterator<g2o::{anonymous}::TripletEntry*, std::vector<g2o::{anonymous}::TripletEntry> >[m[K' changed in GCC 7.1
[01m[K/usr/include/c++/7/bits/stl_algo.h:1954:25:[m[K [01;36m[Knote: [m[Kparameter passing for argument of type '[01m[K__gnu_cxx::__normal_iterator<g2o::{anonymous}::TripletEntry*, std::vector<g2o::{anonymous}::TripletEntry> >[m[K' changed in GCC 7.1
    [01;36m[Kstd::__introsort_loop(__cut, __last, __depth_limit, __comp)[m[K;
    [01;36m[K~~~~~~~~~~~~~~~~~~~~~^~~~~~~~~~~~~~~~~~~~~~~~~~~~~~~~~~~~~~[m[K
[01m[K/usr/include/c++/7/bits/stl_algo.h:[m[K In function '[01m[Kbool g2o::SparseBlockMatrix<MatrixType>::writeOctave(const char*, bool) const [with MatrixType = Eigen::Matrix<double, -1, -1>][m[K':
[01m[K/usr/include/c++/7/bits/stl_algo.h:1968:25:[m[K [01;36m[Knote: [m[Kparameter passing for argument of type '[01m[K__gnu_cxx::__normal_iterator<g2o::{anonymous}::TripletEntry*, std::vector<g2o::{anonymous}::TripletEntry> >[m[K' changed in GCC 7.1
    [01;36m[Kstd::__introsort_loop(__first, __last,[m[K
    [01;36m[K~~~~~~~~~~~~~~~~~~~~~^~~~~~~~~~~~~~~~~[m[K
 [01;36m[K    std::__lg(__last - __first) * 2,[m[K
     [01;36m[K~~~~~~~~~~~~~~~~~~~~~~~~~~~~~~~~[m[K
 [01;36m[K    __comp)[m[K;
     [01;36m[K~~~~~~~[m[K              
[01m[K/usr/include/c++/7/bits/stl_algo.h:1885:25:[m[K [01;36m[Knote: [m[Kparameter passing for argument of type '[01m[K__gnu_cxx::__normal_iterator<g2o::{anonymous}::TripletEntry*, std::vector<g2o::{anonymous}::TripletEntry> >[m[K' changed in GCC 7.1
    [01;36m[Kstd::__insertion_sort(__first, __first + int(_S_threshold), __comp)[m[K;
    [01;36m[K~~~~~~~~~~~~~~~~~~~~~^~~~~~~~~~~~~~~~~~~~~~~~~~~~~~~~~~~~~~~~~~~~~~[m[K
[01m[K/usr/include/c++/7/bits/stl_algo.h:1890:23:[m[K [01;36m[Knote: [m[Kparameter passing for argument of type '[01m[K__gnu_cxx::__normal_iterator<g2o::{anonymous}::TripletEntry*, std::vector<g2o::{anonymous}::TripletEntry> >[m[K' changed in GCC 7.1
  [01;36m[Kstd::__insertion_sort(__first, __last, __comp)[m[K;
  [01;36m[K~~~~~~~~~~~~~~~~~~~~~^~~~~~~~~~~~~~~~~~~~~~~~~[m[K
[01m[K/usr/include/c++/7/bits/stl_algo.h:[m[K In function '[01m[Kbool g2o::SparseBlockMatrix<MatrixType>::writeOctave(const char*, bool) const [with MatrixType = Eigen::Matrix<double, 6, 6>][m[K':
[01m[K/usr/include/c++/7/bits/stl_algo.h:1968:25:[m[K [01;36m[Knote: [m[Kparameter passing for argument of type '[01m[K__gnu_cxx::__normal_iterator<g2o::{anonymous}::TripletEntry*, std::vector<g2o::{anonymous}::TripletEntry> >[m[K' changed in GCC 7.1
    [01;36m[Kstd::__introsort_loop(__first, __last,[m[K
    [01;36m[K~~~~~~~~~~~~~~~~~~~~~^~~~~~~~~~~~~~~~~[m[K
 [01;36m[K    std::__lg(__last - __first) * 2,[m[K
     [01;36m[K~~~~~~~~~~~~~~~~~~~~~~~~~~~~~~~~[m[K
 [01;36m[K    __comp)[m[K;
     [01;36m[K~~~~~~~[m[K              
[01m[K/usr/include/c++/7/bits/stl_algo.h:1885:25:[m[K [01;36m[Knote: [m[Kparameter passing for argument of type '[01m[K__gnu_cxx::__normal_iterator<g2o::{anonymous}::TripletEntry*, std::vector<g2o::{anonymous}::TripletEntry> >[m[K' changed in GCC 7.1
    [01;36m[Kstd::__insertion_sort(__first, __first + int(_S_threshold), __comp)[m[K;
    [01;36m[K~~~~~~~~~~~~~~~~~~~~~^~~~~~~~~~~~~~~~~~~~~~~~~~~~~~~~~~~~~~~~~~~~~~[m[K
[01m[K/usr/include/c++/7/bits/stl_algo.h:1890:23:[m[K [01;36m[Knote: [m[Kparameter passing for argument of type '[01m[K__gnu_cxx::__normal_iterator<g2o::{anonymous}::TripletEntry*, std::vector<g2o::{anonymous}::TripletEntry> >[m[K' changed in GCC 7.1
  [01;36m[Kstd::__insertion_sort(__first, __last, __comp)[m[K;
  [01;36m[K~~~~~~~~~~~~~~~~~~~~~^~~~~~~~~~~~~~~~~~~~~~~~~[m[K
[01m[K/usr/include/c++/7/bits/stl_algo.h:[m[K In function '[01m[Kbool g2o::SparseBlockMatrix<MatrixType>::writeOctave(const char*, bool) const [with MatrixType = Eigen::Matrix<double, 7, 7, 0, 7, 7>][m[K':
[01m[K/usr/include/c++/7/bits/stl_algo.h:1968:25:[m[K [01;36m[Knote: [m[Kparameter passing for argument of type '[01m[K__gnu_cxx::__normal_iterator<g2o::{anonymous}::TripletEntry*, std::vector<g2o::{anonymous}::TripletEntry> >[m[K' changed in GCC 7.1
    [01;36m[Kstd::__introsort_loop(__first, __last,[m[K
    [01;36m[K~~~~~~~~~~~~~~~~~~~~~^~~~~~~~~~~~~~~~~[m[K
 [01;36m[K    std::__lg(__last - __first) * 2,[m[K
     [01;36m[K~~~~~~~~~~~~~~~~~~~~~~~~~~~~~~~~[m[K
 [01;36m[K    __comp)[m[K;
     [01;36m[K~~~~~~~[m[K              
[01m[K/usr/include/c++/7/bits/stl_algo.h:1885:25:[m[K [01;36m[Knote: [m[Kparameter passing for argument of type '[01m[K__gnu_cxx::__normal_iterator<g2o::{anonymous}::TripletEntry*, std::vector<g2o::{anonymous}::TripletEntry> >[m[K' changed in GCC 7.1
    [01;36m[Kstd::__insertion_sort(__first, __first + int(_S_threshold), __comp)[m[K;
    [01;36m[K~~~~~~~~~~~~~~~~~~~~~^~~~~~~~~~~~~~~~~~~~~~~~~~~~~~~~~~~~~~~~~~~~~~[m[K
[01m[K/usr/include/c++/7/bits/stl_algo.h:1890:23:[m[K [01;36m[Knote: [m[Kparameter passing for argument of type '[01m[K__gnu_cxx::__normal_iterator<g2o::{anonymous}::TripletEntry*, std::vector<g2o::{anonymous}::TripletEntry> >[m[K' changed in GCC 7.1
  [01;36m[Kstd::__insertion_sort(__first, __last, __comp)[m[K;
  [01;36m[K~~~~~~~~~~~~~~~~~~~~~^~~~~~~~~~~~~~~~~~~~~~~~~[m[K
In file included from [01m[K/usr/include/c++/7/vector:69:0[m[K,
                 from [01m[K/home/odroid/Code/catkin_ws/src/orb_slam_2_ros/orb_slam2/Thirdparty/DBoW2/DBoW2/BowVector.h:15[m[K,
                 from [01m[K/home/odroid/Code/catkin_ws/src/orb_slam_2_ros/orb_slam2/include/KeyFrame.h:25[m[K,
                 from [01m[K/home/odroid/Code/catkin_ws/src/orb_slam_2_ros/orb_slam2/include/MapPoint.h:24[m[K,
                 from [01m[K/home/odroid/Code/catkin_ws/src/orb_slam_2_ros/orb_slam2/include/Map.h:24[m[K,
                 from [01m[K/home/odroid/Code/catkin_ws/src/orb_slam_2_ros/orb_slam2/include/Optimizer.h:24[m[K,
                 from [01m[K/home/odroid/Code/catkin_ws/src/orb_slam_2_ros/orb_slam2/src/Optimizer.cc:21[m[K:
[01m[K/usr/include/c++/7/bits/vector.tcc:[m[K In member function '[01m[Kvoid std::vector<_Tp, _Alloc>::_M_realloc_insert(std::vector<_Tp, _Alloc>::iterator, _Args&& ...) [with _Args = {Eigen::Triplet<double, int>}; _Tp = Eigen::Triplet<double>; _Alloc = std::allocator<Eigen::Triplet<double> >][m[K':
[01m[K/usr/include/c++/7/bits/vector.tcc:394:7:[m[K [01;36m[Knote: [m[Kparameter passing for argument of type '[01m[Kstd::vector<Eigen::Triplet<double> >::iterator {aka __gnu_cxx::__normal_iterator<Eigen::Triplet<double>*, std::vector<Eigen::Triplet<double> > >}[m[K' changed in GCC 7.1
       [01;36m[Kvector<_Tp, _Alloc>[m[K::
       [01;36m[K^~~~~~~~~~~~~~~~~~~[m[K
[01m[K/usr/include/c++/7/bits/vector.tcc:[m[K In member function '[01m[Kvoid std::vector<_Tp, _Alloc>::_M_realloc_insert(std::vector<_Tp, _Alloc>::iterator, _Args&& ...) [with _Args = {const g2o::SE3Quat&}; _Tp = g2o::SE3Quat; _Alloc = Eigen::aligned_allocator<g2o::SE3Quat>][m[K':
[01m[K/usr/include/c++/7/bits/vector.tcc:394:7:[m[K [01;36m[Knote: [m[Kparameter passing for argument of type '[01m[Kstd::vector<g2o::SE3Quat, Eigen::aligned_allocator<g2o::SE3Quat> >::iterator {aka __gnu_cxx::__normal_iterator<g2o::SE3Quat*, std::vector<g2o::SE3Quat, Eigen::aligned_allocator<g2o::SE3Quat> > >}[m[K' changed in GCC 7.1
[01m[K/usr/include/c++/7/bits/vector.tcc:394:7:[m[K [01;36m[Knote: [m[Kparameter passing for argument of type '[01m[Kstd::vector<g2o::SE3Quat, Eigen::aligned_allocator<g2o::SE3Quat> >::iterator {aka __gnu_cxx::__normal_iterator<g2o::SE3Quat*, std::vector<g2o::SE3Quat, Eigen::aligned_allocator<g2o::SE3Quat> > >}[m[K' changed in GCC 7.1
In file included from [01m[K/usr/include/c++/7/vector:64:0[m[K,
                 from [01m[K/home/odroid/Code/catkin_ws/src/orb_slam_2_ros/orb_slam2/Thirdparty/DBoW2/DBoW2/BowVector.h:15[m[K,
                 from [01m[K/home/odroid/Code/catkin_ws/src/orb_slam_2_ros/orb_slam2/include/KeyFrame.h:25[m[K,
                 from [01m[K/home/odroid/Code/catkin_ws/src/orb_slam_2_ros/orb_slam2/include/MapPoint.h:24[m[K,
                 from [01m[K/home/odroid/Code/catkin_ws/src/orb_slam_2_ros/orb_slam2/include/Map.h:24[m[K,
                 from [01m[K/home/odroid/Code/catkin_ws/src/orb_slam_2_ros/orb_slam2/include/Optimizer.h:24[m[K,
                 from [01m[K/home/odroid/Code/catkin_ws/src/orb_slam_2_ros/orb_slam2/src/Optimizer.cc:21[m[K:
[01m[K/usr/include/c++/7/bits/stl_vector.h:[m[K In member function '[01m[Kvoid g2o::BaseUnaryEdge<D, E, VertexXi>::linearizeOplus() [with int D = 2; E = Eigen::Matrix<double, 2, 1>; VertexXi = g2o::VertexSE3Expmap][m[K':
[01m[K/usr/include/c++/7/bits/stl_vector.h:948:21:[m[K [01;36m[Knote: [m[Kparameter passing for argument of type '[01m[K__gnu_cxx::__normal_iterator<g2o::SE3Quat*, std::vector<g2o::SE3Quat, Eigen::aligned_allocator<g2o::SE3Quat> > >[m[K' changed in GCC 7.1
    [01;36m[K_M_realloc_insert(end(), __x)[m[K;
    [01;36m[K~~~~~~~~~~~~~~~~~^~~~~~~~~~~~[m[K
[01m[K/usr/include/c++/7/bits/stl_vector.h:948:21:[m[K [01;36m[Knote: [m[Kparameter passing for argument of type '[01m[K__gnu_cxx::__normal_iterator<g2o::SE3Quat*, std::vector<g2o::SE3Quat, Eigen::aligned_allocator<g2o::SE3Quat> > >[m[K' changed in GCC 7.1
    [01;36m[K_M_realloc_insert(end(), __x)[m[K;
    [01;36m[K~~~~~~~~~~~~~~~~~^~~~~~~~~~~~[m[K
[01m[K/usr/include/c++/7/bits/stl_vector.h:[m[K In member function '[01m[Kvoid g2o::BaseUnaryEdge<D, E, VertexXi>::linearizeOplus() [with int D = 3; E = Eigen::Matrix<double, 3, 1>; VertexXi = g2o::VertexSE3Expmap][m[K':
[01m[K/usr/include/c++/7/bits/stl_vector.h:948:21:[m[K [01;36m[Knote: [m[Kparameter passing for argument of type '[01m[K__gnu_cxx::__normal_iterator<g2o::SE3Quat*, std::vector<g2o::SE3Quat, Eigen::aligned_allocator<g2o::SE3Quat> > >[m[K' changed in GCC 7.1
    [01;36m[K_M_realloc_insert(end(), __x)[m[K;
    [01;36m[K~~~~~~~~~~~~~~~~~^~~~~~~~~~~~[m[K
[01m[K/usr/include/c++/7/bits/stl_vector.h:948:21:[m[K [01;36m[Knote: [m[Kparameter passing for argument of type '[01m[K__gnu_cxx::__normal_iterator<g2o::SE3Quat*, std::vector<g2o::SE3Quat, Eigen::aligned_allocator<g2o::SE3Quat> > >[m[K' changed in GCC 7.1
    [01;36m[K_M_realloc_insert(end(), __x)[m[K;
    [01;36m[K~~~~~~~~~~~~~~~~~^~~~~~~~~~~~[m[K
In file included from [01m[K/usr/include/c++/7/vector:69:0[m[K,
                 from [01m[K/home/odroid/Code/catkin_ws/src/orb_slam_2_ros/orb_slam2/Thirdparty/DBoW2/DBoW2/BowVector.h:15[m[K,
                 from [01m[K/home/odroid/Code/catkin_ws/src/orb_slam_2_ros/orb_slam2/include/KeyFrame.h:25[m[K,
                 from [01m[K/home/odroid/Code/catkin_ws/src/orb_slam_2_ros/orb_slam2/include/MapPoint.h:24[m[K,
                 from [01m[K/home/odroid/Code/catkin_ws/src/orb_slam_2_ros/orb_slam2/include/Map.h:24[m[K,
                 from [01m[K/home/odroid/Code/catkin_ws/src/orb_slam_2_ros/orb_slam2/include/Optimizer.h:24[m[K,
                 from [01m[K/home/odroid/Code/catkin_ws/src/orb_slam_2_ros/orb_slam2/src/Optimizer.cc:21[m[K:
[01m[K/usr/include/c++/7/bits/vector.tcc:[m[K In member function '[01m[Kvoid g2o::LinearSolverEigen<MatrixType>::computeSymbolicDecomposition(const g2o::SparseBlockMatrix<MatrixType>&) [with MatrixType = Eigen::Matrix<double, 6, 6>][m[K':
[01m[K/usr/include/c++/7/bits/vector.tcc:105:21:[m[K [01;36m[Knote: [m[Kparameter passing for argument of type '[01m[K__gnu_cxx::__normal_iterator<Eigen::Triplet<double>*, std::vector<Eigen::Triplet<double> > >[m[K' changed in GCC 7.1
    [01;36m[K_M_realloc_insert(end(), std::forward<_Args>(__args)...)[m[K;
    [01;36m[K~~~~~~~~~~~~~~~~~^~~~~~~~~~~~~~~~~~~~~~~~~~~~~~~~~~~~~~~[m[K
[01m[K/usr/include/c++/7/bits/vector.tcc:[m[K In member function '[01m[Kbool g2o::LinearSolverEigen<MatrixType>::solve(const g2o::SparseBlockMatrix<MatrixType>&, double*, double*) [with MatrixType = Eigen::Matrix<double, 6, 6>][m[K':
[01m[K/usr/include/c++/7/bits/vector.tcc:105:21:[m[K [01;36m[Knote: [m[Kparameter passing for argument of type '[01m[K__gnu_cxx::__normal_iterator<Eigen::Triplet<double>*, std::vector<Eigen::Triplet<double> > >[m[K' changed in GCC 7.1
    [01;36m[K_M_realloc_insert(end(), std::forward<_Args>(__args)...)[m[K;
    [01;36m[K~~~~~~~~~~~~~~~~~^~~~~~~~~~~~~~~~~~~~~~~~~~~~~~~~~~~~~~~[m[K
[01m[K/usr/include/c++/7/bits/vector.tcc:105:21:[m[K [01;36m[Knote: [m[Kparameter passing for argument of type '[01m[K__gnu_cxx::__normal_iterator<Eigen::Triplet<double>*, std::vector<Eigen::Triplet<double> > >[m[K' changed in GCC 7.1
[01m[K/usr/include/c++/7/bits/vector.tcc:105:21:[m[K [01;36m[Knote: [m[Kparameter passing for argument of type '[01m[K__gnu_cxx::__normal_iterator<Eigen::Triplet<double>*, std::vector<Eigen::Triplet<double> > >[m[K' changed in GCC 7.1
[01m[K/usr/include/c++/7/bits/vector.tcc:105:21:[m[K [01;36m[Knote: [m[Kparameter passing for argument of type '[01m[K__gnu_cxx::__normal_iterator<Eigen::Triplet<double>*, std::vector<Eigen::Triplet<double> > >[m[K' changed in GCC 7.1
[01m[K/usr/include/c++/7/bits/vector.tcc:105:21:[m[K [01;36m[Knote: [m[Kparameter passing for argument of type '[01m[K__gnu_cxx::__normal_iterator<Eigen::Triplet<double>*, std::vector<Eigen::Triplet<double> > >[m[K' changed in GCC 7.1
[01m[K/usr/include/c++/7/bits/vector.tcc:105:21:[m[K [01;36m[Knote: [m[Kparameter passing for argument of type '[01m[K__gnu_cxx::__normal_iterator<Eigen::Triplet<double>*, std::vector<Eigen::Triplet<double> > >[m[K' changed in GCC 7.1
[01m[K/usr/include/c++/7/bits/vector.tcc:[m[K In member function '[01m[Kvoid g2o::LinearSolverEigen<MatrixType>::computeSymbolicDecomposition(const g2o::SparseBlockMatrix<MatrixType>&) [with MatrixType = Eigen::Matrix<double, 7, 7, 0, 7, 7>][m[K':
[01m[K/usr/include/c++/7/bits/vector.tcc:105:21:[m[K [01;36m[Knote: [m[Kparameter passing for argument of type '[01m[K__gnu_cxx::__normal_iterator<Eigen::Triplet<double>*, std::vector<Eigen::Triplet<double> > >[m[K' changed in GCC 7.1
    [01;36m[K_M_realloc_insert(end(), std::forward<_Args>(__args)...)[m[K;
    [01;36m[K~~~~~~~~~~~~~~~~~^~~~~~~~~~~~~~~~~~~~~~~~~~~~~~~~~~~~~~~[m[K
[01m[K/usr/include/c++/7/bits/vector.tcc:[m[K In member function '[01m[Kbool g2o::LinearSolverEigen<MatrixType>::solve(const g2o::SparseBlockMatrix<MatrixType>&, double*, double*) [with MatrixType = Eigen::Matrix<double, 7, 7, 0, 7, 7>][m[K':
[01m[K/usr/include/c++/7/bits/vector.tcc:105:21:[m[K [01;36m[Knote: [m[Kparameter passing for argument of type '[01m[K__gnu_cxx::__normal_iterator<Eigen::Triplet<double>*, std::vector<Eigen::Triplet<double> > >[m[K' changed in GCC 7.1
    [01;36m[K_M_realloc_insert(end(), std::forward<_Args>(__args)...)[m[K;
    [01;36m[K~~~~~~~~~~~~~~~~~^~~~~~~~~~~~~~~~~~~~~~~~~~~~~~~~~~~~~~~[m[K
[01m[K/usr/include/c++/7/bits/vector.tcc:105:21:[m[K [01;36m[Knote: [m[Kparameter passing for argument of type '[01m[K__gnu_cxx::__normal_iterator<Eigen::Triplet<double>*, std::vector<Eigen::Triplet<double> > >[m[K' changed in GCC 7.1
[01m[K/usr/include/c++/7/bits/vector.tcc:105:21:[m[K [01;36m[Knote: [m[Kparameter passing for argument of type '[01m[K__gnu_cxx::__normal_iterator<Eigen::Triplet<double>*, std::vector<Eigen::Triplet<double> > >[m[K' changed in GCC 7.1
[01m[K/usr/include/c++/7/bits/vector.tcc:105:21:[m[K [01;36m[Knote: [m[Kparameter passing for argument of type '[01m[K__gnu_cxx::__normal_iterator<Eigen::Triplet<double>*, std::vector<Eigen::Triplet<double> > >[m[K' changed in GCC 7.1
[01m[K/usr/include/c++/7/bits/vector.tcc:105:21:[m[K [01;36m[Knote: [m[Kparameter passing for argument of type '[01m[K__gnu_cxx::__normal_iterator<Eigen::Triplet<double>*, std::vector<Eigen::Triplet<double> > >[m[K' changed in GCC 7.1
[01m[K/usr/include/c++/7/bits/vector.tcc:105:21:[m[K [01;36m[Knote: [m[Kparameter passing for argument of type '[01m[K__gnu_cxx::__normal_iterator<Eigen::Triplet<double>*, std::vector<Eigen::Triplet<double> > >[m[K' changed in GCC 7.1
[01m[K/usr/include/c++/7/bits/vector.tcc:105:21:[m[K [01;36m[Knote: [m[Kparameter passing for argument of type '[01m[K__gnu_cxx::__normal_iterator<Eigen::Triplet<double>*, std::vector<Eigen::Triplet<double> > >[m[K' changed in GCC 7.1
